0    [XML-RPC-0] ERROR org.apache.xmlrpc.server.XmlRpcStreamServer - execute: Error while performing request
org.apache.xmlrpc.common.XmlRpcInvocationException: Failed to invoke method execute in class com.nantic.jasperreports.JasperServer: Font "Times New Roman" is not available to the JVM. See the Javadoc for more details.
	at org.apache.xmlrpc.server.ReflectiveXmlRpcHandler.invoke(ReflectiveXmlRpcHandler.java:126)
	at org.apache.xmlrpc.server.ReflectiveXmlRpcHandler.execute(ReflectiveXmlRpcHandler.java:103)
	at org.apache.xmlrpc.server.XmlRpcServerWorker.execute(XmlRpcServerWorker.java:43)
	at org.apache.xmlrpc.server.XmlRpcServer.execute(XmlRpcServer.java:83)
	at org.apache.xmlrpc.server.XmlRpcStreamServer.execute(XmlRpcStreamServer.java:191)
	at org.apache.xmlrpc.webserver.Connection.run(Connection.java:205)
	at org.apache.xmlrpc.util.ThreadPool$Poolable$1.run(ThreadPool.java:68)
Caused by: net.sf.jasperreports.engine.util.JRFontNotFoundException: Font "Times New Roman" is not available to the JVM. See the Javadoc for more details.
	at net.sf.jasperreports.engine.fonts.FontUtil.checkAwtFont(FontUtil.java:604)
	at net.sf.jasperreports.engine.fill.SimpleTextLineWrapper.loadFont(SimpleTextLineWrapper.java:384)
	at net.sf.jasperreports.engine.fill.SimpleTextLineWrapper.getGeneralFontInfo(SimpleTextLineWrapper.java:354)
	at net.sf.jasperreports.engine.fill.SimpleTextLineWrapper.createFontInfo(SimpleTextLineWrapper.java:294)
	at net.sf.jasperreports.engine.fill.SimpleTextLineWrapper.start(SimpleTextLineWrapper.java:256)
	at net.sf.jasperreports.engine.fill.TextMeasurer.measure(TextMeasurer.java:543)
	at net.sf.jasperreports.engine.fill.JRFillTextElement.chopTextElement(JRFillTextElement.java:665)
	at net.sf.jasperreports.engine.fill.JRFillTextField.prepare(JRFillTextField.java:777)
	at net.sf.jasperreports.engine.fill.JRFillElementContainer.prepareElements(JRFillElementContainer.java:542)
	at net.sf.jasperreports.engine.fill.JRFillBand.fill(JRFillBand.java:438)
	at net.sf.jasperreports.engine.fill.JRFillBand.fill(JRFillBand.java:413)
	at net.sf.jasperreports.engine.fill.JRVerticalFiller.fillBandNoOverflow(JRVerticalFiller.java:432)
	at net.sf.jasperreports.engine.fill.JRVerticalFiller.fillPageHeader(JRVerticalFiller.java:393)
	at net.sf.jasperreports.engine.fill.JRVerticalFiller.fillReportStart(JRVerticalFiller.java:246)
	at net.sf.jasperreports.engine.fill.JRVerticalFiller.fillReport(JRVerticalFiller.java:99)
	at net.sf.jasperreports.engine.fill.JRBaseFiller.fill(JRBaseFiller.java:609)
	at net.sf.jasperreports.engine.fill.BaseReportFiller.fill(BaseReportFiller.java:405)
	at net.sf.jasperreports.engine.fill.JRFiller.fill(JRFiller.java:140)
	at net.sf.jasperreports.engine.JasperFillManager.fill(JasperFillManager.java:667)
	at net.sf.jasperreports.engine.JasperFillManager.fillReport(JasperFillManager.java:983)
	at com.nantic.jasperreports.JasperServer.privateExecute(JasperServer.java:225)
	at com.nantic.jasperreports.JasperServer.execute(JasperServer.java:134)
	at sun.reflect.NativeMethodAccessorImpl.invoke0(Native Method)
	at sun.reflect.NativeMethodAccessorImpl.invoke(NativeMethodAccessorImpl.java:62)
	at sun.reflect.DelegatingMethodAccessorImpl.invoke(DelegatingMethodAccessorImpl.java:43)
	at java.lang.reflect.Method.invoke(Method.java:498)
	at org.apache.xmlrpc.server.ReflectiveXmlRpcHandler.invoke(ReflectiveXmlRpcHandler.java:112)
	... 6 more
Caused by:
net.sf.jasperreports.engine.util.JRFontNotFoundException: Font "Times New Roman" is not available to the JVM. See the Javadoc for more details.
	at net.sf.jasperreports.engine.fonts.FontUtil.checkAwtFont(FontUtil.java:604)
	at net.sf.jasperreports.engine.fill.SimpleTextLineWrapper.loadFont(SimpleTextLineWrapper.java:384)
	at net.sf.jasperreports.engine.fill.SimpleTextLineWrapper.getGeneralFontInfo(SimpleTextLineWrapper.java:354)
	at net.sf.jasperreports.engine.fill.SimpleTextLineWrapper.createFontInfo(SimpleTextLineWrapper.java:294)
	at net.sf.jasperreports.engine.fill.SimpleTextLineWrapper.start(SimpleTextLineWrapper.java:256)
	at net.sf.jasperreports.engine.fill.TextMeasurer.measure(TextMeasurer.java:543)
	at net.sf.jasperreports.engine.fill.JRFillTextElement.chopTextElement(JRFillTextElement.java:665)
	at net.sf.jasperreports.engine.fill.JRFillTextField.prepare(JRFillTextField.java:777)
	at net.sf.jasperreports.engine.fill.JRFillElementContainer.prepareElements(JRFillElementContainer.java:542)
	at net.sf.jasperreports.engine.fill.JRFillBand.fill(JRFillBand.java:438)
	at net.sf.jasperreports.engine.fill.JRFillBand.fill(JRFillBand.java:413)
	at net.sf.jasperreports.engine.fill.JRVerticalFiller.fillBandNoOverflow(JRVerticalFiller.java:432)
	at net.sf.jasperreports.engine.fill.JRVerticalFiller.fillPageHeader(JRVerticalFiller.java:393)
	at net.sf.jasperreports.engine.fill.JRVerticalFiller.fillReportStart(JRVerticalFiller.java:246)
	at net.sf.jasperreports.engine.fill.JRVerticalFiller.fillReport(JRVerticalFiller.java:99)
	at net.sf.jasperreports.engine.fill.JRBaseFiller.fill(JRBaseFiller.java:609)
	at net.sf.jasperreports.engine.fill.BaseReportFiller.fill(BaseReportFiller.java:405)
	at net.sf.jasperreports.engine.fill.JRFiller.fill(JRFiller.java:140)
	at net.sf.jasperreports.engine.JasperFillManager.fill(JasperFillManager.java:667)
	at net.sf.jasperreports.engine.JasperFillManager.fillReport(JasperFillManager.java:983)
	at com.nantic.jasperreports.JasperServer.privateExecute(JasperServer.java:225)
	at com.nantic.jasperreports.JasperServer.execute(JasperServer.java:134)
	at sun.reflect.NativeMethodAccessorImpl.invoke0(Native Method)
	at sun.reflect.NativeMethodAccessorImpl.invoke(NativeMethodAccessorImpl.java:62)
	at sun.reflect.DelegatingMethodAccessorImpl.invoke(DelegatingMethodAccessorImpl.java:43)
	at java.lang.reflect.Method.invoke(Method.java:498)
	at org.apache.xmlrpc.server.ReflectiveXmlRpcHandler.invoke(ReflectiveXmlRpcHandler.java:112)
	at org.apache.xmlrpc.server.ReflectiveXmlRpcHandler.execute(ReflectiveXmlRpcHandler.java:103)
	at org.apache.xmlrpc.server.XmlRpcServerWorker.execute(XmlRpcServerWorker.java:43)
	at org.apache.xmlrpc.server.XmlRpcServer.execute(XmlRpcServer.java:83)
	at org.apache.xmlrpc.server.XmlRpcStreamServer.execute(XmlRpcStreamServer.java:191)
	at org.apache.xmlrpc.webserver.Connection.run(Connection.java:205)
	at org.apache.xmlrpc.util.ThreadPool$Poolable$1.run(ThreadPool.java:68)
49637 [XML-RPC-0] ERROR org.apache.xmlrpc.server.XmlRpcStreamServer - execute: Error while performing request
org.apache.xmlrpc.common.XmlRpcInvocationException: Failed to invoke method execute in class com.nantic.jasperreports.JasperServer: Font "Times New Roman" is not available to the JVM. See the Javadoc for more details.
	at org.apache.xmlrpc.server.ReflectiveXmlRpcHandler.invoke(ReflectiveXmlRpcHandler.java:126)
	at org.apache.xmlrpc.server.ReflectiveXmlRpcHandler.execute(ReflectiveXmlRpcHandler.java:103)
	at org.apache.xmlrpc.server.XmlRpcServerWorker.execute(XmlRpcServerWorker.java:43)
	at org.apache.xmlrpc.server.XmlRpcServer.execute(XmlRpcServer.java:83)
	at org.apache.xmlrpc.server.XmlRpcStreamServer.execute(XmlRpcStreamServer.java:191)
	at org.apache.xmlrpc.webserver.Connection.run(Connection.java:205)
	at org.apache.xmlrpc.util.ThreadPool$Poolable$1.run(ThreadPool.java:68)
Caused by: net.sf.jasperreports.engine.util.JRFontNotFoundException: Font "Times New Roman" is not available to the JVM. See the Javadoc for more details.
	at net.sf.jasperreports.engine.fonts.FontUtil.checkAwtFont(FontUtil.java:604)
	at net.sf.jasperreports.engine.fill.SimpleTextLineWrapper.loadFont(SimpleTextLineWrapper.java:384)
	at net.sf.jasperreports.engine.fill.SimpleTextLineWrapper.getGeneralFontInfo(SimpleTextLineWrapper.java:354)
	at net.sf.jasperreports.engine.fill.SimpleTextLineWrapper.createFontInfo(SimpleTextLineWrapper.java:294)
	at net.sf.jasperreports.engine.fill.SimpleTextLineWrapper.start(SimpleTextLineWrapper.java:256)
	at net.sf.jasperreports.engine.fill.TextMeasurer.measure(TextMeasurer.java:543)
	at net.sf.jasperreports.engine.fill.JRFillTextElement.chopTextElement(JRFillTextElement.java:665)
	at net.sf.jasperreports.engine.fill.JRFillTextField.prepare(JRFillTextField.java:777)
	at net.sf.jasperreports.engine.fill.JRFillElementContainer.prepareElements(JRFillElementContainer.java:542)
	at net.sf.jasperreports.engine.fill.JRFillBand.fill(JRFillBand.java:438)
	at net.sf.jasperreports.engine.fill.JRFillBand.fill(JRFillBand.java:413)
	at net.sf.jasperreports.engine.fill.JRVerticalFiller.fillBandNoOverflow(JRVerticalFiller.java:432)
	at net.sf.jasperreports.engine.fill.JRVerticalFiller.fillPageHeader(JRVerticalFiller.java:393)
	at net.sf.jasperreports.engine.fill.JRVerticalFiller.fillReportStart(JRVerticalFiller.java:246)
	at net.sf.jasperreports.engine.fill.JRVerticalFiller.fillReport(JRVerticalFiller.java:99)
	at net.sf.jasperreports.engine.fill.JRBaseFiller.fill(JRBaseFiller.java:609)
	at net.sf.jasperreports.engine.fill.BaseReportFiller.fill(BaseReportFiller.java:405)
	at net.sf.jasperreports.engine.fill.JRFiller.fill(JRFiller.java:140)
	at net.sf.jasperreports.engine.JasperFillManager.fill(JasperFillManager.java:667)
	at net.sf.jasperreports.engine.JasperFillManager.fillReport(JasperFillManager.java:983)
	at com.nantic.jasperreports.JasperServer.privateExecute(JasperServer.java:225)
	at com.nantic.jasperreports.JasperServer.execute(JasperServer.java:134)
	at sun.reflect.NativeMethodAccessorImpl.invoke0(Native Method)
	at sun.reflect.NativeMethodAccessorImpl.invoke(NativeMethodAccessorImpl.java:62)
	at sun.reflect.DelegatingMethodAccessorImpl.invoke(DelegatingMethodAccessorImpl.java:43)
	at java.lang.reflect.Method.invoke(Method.java:498)
	at org.apache.xmlrpc.server.ReflectiveXmlRpcHandler.invoke(ReflectiveXmlRpcHandler.java:112)
	... 6 more
Caused by:
net.sf.jasperreports.engine.util.JRFontNotFoundException: Font "Times New Roman" is not available to the JVM. See the Javadoc for more details.
	at net.sf.jasperreports.engine.fonts.FontUtil.checkAwtFont(FontUtil.java:604)
	at net.sf.jasperreports.engine.fill.SimpleTextLineWrapper.loadFont(SimpleTextLineWrapper.java:384)
	at net.sf.jasperreports.engine.fill.SimpleTextLineWrapper.getGeneralFontInfo(SimpleTextLineWrapper.java:354)
	at net.sf.jasperreports.engine.fill.SimpleTextLineWrapper.createFontInfo(SimpleTextLineWrapper.java:294)
	at net.sf.jasperreports.engine.fill.SimpleTextLineWrapper.start(SimpleTextLineWrapper.java:256)
	at net.sf.jasperreports.engine.fill.TextMeasurer.measure(TextMeasurer.java:543)
	at net.sf.jasperreports.engine.fill.JRFillTextElement.chopTextElement(JRFillTextElement.java:665)
	at net.sf.jasperreports.engine.fill.JRFillTextField.prepare(JRFillTextField.java:777)
	at net.sf.jasperreports.engine.fill.JRFillElementContainer.prepareElements(JRFillElementContainer.java:542)
	at net.sf.jasperreports.engine.fill.JRFillBand.fill(JRFillBand.java:438)
	at net.sf.jasperreports.engine.fill.JRFillBand.fill(JRFillBand.java:413)
	at net.sf.jasperreports.engine.fill.JRVerticalFiller.fillBandNoOverflow(JRVerticalFiller.java:432)
	at net.sf.jasperreports.engine.fill.JRVerticalFiller.fillPageHeader(JRVerticalFiller.java:393)
	at net.sf.jasperreports.engine.fill.JRVerticalFiller.fillReportStart(JRVerticalFiller.java:246)
	at net.sf.jasperreports.engine.fill.JRVerticalFiller.fillReport(JRVerticalFiller.java:99)
	at net.sf.jasperreports.engine.fill.JRBaseFiller.fill(JRBaseFiller.java:609)
	at net.sf.jasperreports.engine.fill.BaseReportFiller.fill(BaseReportFiller.java:405)
	at net.sf.jasperreports.engine.fill.JRFiller.fill(JRFiller.java:140)
	at net.sf.jasperreports.engine.JasperFillManager.fill(JasperFillManager.java:667)
	at net.sf.jasperreports.engine.JasperFillManager.fillReport(JasperFillManager.java:983)
	at com.nantic.jasperreports.JasperServer.privateExecute(JasperServer.java:225)
	at com.nantic.jasperreports.JasperServer.execute(JasperServer.java:134)
	at sun.reflect.NativeMethodAccessorImpl.invoke0(Native Method)
	at sun.reflect.NativeMethodAccessorImpl.invoke(NativeMethodAccessorImpl.java:62)
	at sun.reflect.DelegatingMethodAccessorImpl.invoke(DelegatingMethodAccessorImpl.java:43)
	at java.lang.reflect.Method.invoke(Method.java:498)
	at org.apache.xmlrpc.server.ReflectiveXmlRpcHandler.invoke(ReflectiveXmlRpcHandler.java:112)
	at org.apache.xmlrpc.server.ReflectiveXmlRpcHandler.execute(ReflectiveXmlRpcHandler.java:103)
	at org.apache.xmlrpc.server.XmlRpcServerWorker.execute(XmlRpcServerWorker.java:43)
	at org.apache.xmlrpc.server.XmlRpcServer.execute(XmlRpcServer.java:83)
	at org.apache.xmlrpc.server.XmlRpcStreamServer.execute(XmlRpcStreamServer.java:191)
	at org.apache.xmlrpc.webserver.Connection.run(Connection.java:205)
	at org.apache.xmlrpc.util.ThreadPool$Poolable$1.run(ThreadPool.java:68)
149879 [XML-RPC-0] ERROR org.apache.xmlrpc.server.XmlRpcStreamServer - execute: Error while performing request
org.apache.xmlrpc.common.XmlRpcInvocationException: Failed to invoke method execute in class com.nantic.jasperreports.JasperServer: Font "Times New Roman" is not available to the JVM. See the Javadoc for more details.
	at org.apache.xmlrpc.server.ReflectiveXmlRpcHandler.invoke(ReflectiveXmlRpcHandler.java:126)
	at org.apache.xmlrpc.server.ReflectiveXmlRpcHandler.execute(ReflectiveXmlRpcHandler.java:103)
	at org.apache.xmlrpc.server.XmlRpcServerWorker.execute(XmlRpcServerWorker.java:43)
	at org.apache.xmlrpc.server.XmlRpcServer.execute(XmlRpcServer.java:83)
	at org.apache.xmlrpc.server.XmlRpcStreamServer.execute(XmlRpcStreamServer.java:191)
	at org.apache.xmlrpc.webserver.Connection.run(Connection.java:205)
	at org.apache.xmlrpc.util.ThreadPool$Poolable$1.run(ThreadPool.java:68)
Caused by: net.sf.jasperreports.engine.util.JRFontNotFoundException: Font "Times New Roman" is not available to the JVM. See the Javadoc for more details.
	at net.sf.jasperreports.engine.fonts.FontUtil.checkAwtFont(FontUtil.java:604)
	at net.sf.jasperreports.engine.fill.SimpleTextLineWrapper.loadFont(SimpleTextLineWrapper.java:384)
	at net.sf.jasperreports.engine.fill.SimpleTextLineWrapper.getGeneralFontInfo(SimpleTextLineWrapper.java:354)
	at net.sf.jasperreports.engine.fill.SimpleTextLineWrapper.createFontInfo(SimpleTextLineWrapper.java:294)
	at net.sf.jasperreports.engine.fill.SimpleTextLineWrapper.start(SimpleTextLineWrapper.java:256)
	at net.sf.jasperreports.engine.fill.TextMeasurer.measure(TextMeasurer.java:543)
	at net.sf.jasperreports.engine.fill.JRFillTextElement.chopTextElement(JRFillTextElement.java:665)
	at net.sf.jasperreports.engine.fill.JRFillTextField.prepare(JRFillTextField.java:777)
	at net.sf.jasperreports.engine.fill.JRFillElementContainer.prepareElements(JRFillElementContainer.java:542)
	at net.sf.jasperreports.engine.fill.JRFillBand.fill(JRFillBand.java:438)
	at net.sf.jasperreports.engine.fill.JRFillBand.fill(JRFillBand.java:413)
	at net.sf.jasperreports.engine.fill.JRVerticalFiller.fillBandNoOverflow(JRVerticalFiller.java:432)
	at net.sf.jasperreports.engine.fill.JRVerticalFiller.fillPageHeader(JRVerticalFiller.java:393)
	at net.sf.jasperreports.engine.fill.JRVerticalFiller.fillReportStart(JRVerticalFiller.java:246)
	at net.sf.jasperreports.engine.fill.JRVerticalFiller.fillReport(JRVerticalFiller.java:99)
	at net.sf.jasperreports.engine.fill.JRBaseFiller.fill(JRBaseFiller.java:609)
	at net.sf.jasperreports.engine.fill.BaseReportFiller.fill(BaseReportFiller.java:405)
	at net.sf.jasperreports.engine.fill.JRFiller.fill(JRFiller.java:140)
	at net.sf.jasperreports.engine.JasperFillManager.fill(JasperFillManager.java:667)
	at net.sf.jasperreports.engine.JasperFillManager.fillReport(JasperFillManager.java:983)
	at com.nantic.jasperreports.JasperServer.privateExecute(JasperServer.java:225)
	at com.nantic.jasperreports.JasperServer.execute(JasperServer.java:134)
	at sun.reflect.NativeMethodAccessorImpl.invoke0(Native Method)
	at sun.reflect.NativeMethodAccessorImpl.invoke(NativeMethodAccessorImpl.java:62)
	at sun.reflect.DelegatingMethodAccessorImpl.invoke(DelegatingMethodAccessorImpl.java:43)
	at java.lang.reflect.Method.invoke(Method.java:498)
	at org.apache.xmlrpc.server.ReflectiveXmlRpcHandler.invoke(ReflectiveXmlRpcHandler.java:112)
	... 6 more
Caused by:
net.sf.jasperreports.engine.util.JRFontNotFoundException: Font "Times New Roman" is not available to the JVM. See the Javadoc for more details.
	at net.sf.jasperreports.engine.fonts.FontUtil.checkAwtFont(FontUtil.java:604)
	at net.sf.jasperreports.engine.fill.SimpleTextLineWrapper.loadFont(SimpleTextLineWrapper.java:384)
	at net.sf.jasperreports.engine.fill.SimpleTextLineWrapper.getGeneralFontInfo(SimpleTextLineWrapper.java:354)
	at net.sf.jasperreports.engine.fill.SimpleTextLineWrapper.createFontInfo(SimpleTextLineWrapper.java:294)
	at net.sf.jasperreports.engine.fill.SimpleTextLineWrapper.start(SimpleTextLineWrapper.java:256)
	at net.sf.jasperreports.engine.fill.TextMeasurer.measure(TextMeasurer.java:543)
	at net.sf.jasperreports.engine.fill.JRFillTextElement.chopTextElement(JRFillTextElement.java:665)
	at net.sf.jasperreports.engine.fill.JRFillTextField.prepare(JRFillTextField.java:777)
	at net.sf.jasperreports.engine.fill.JRFillElementContainer.prepareElements(JRFillElementContainer.java:542)
	at net.sf.jasperreports.engine.fill.JRFillBand.fill(JRFillBand.java:438)
	at net.sf.jasperreports.engine.fill.JRFillBand.fill(JRFillBand.java:413)
	at net.sf.jasperreports.engine.fill.JRVerticalFiller.fillBandNoOverflow(JRVerticalFiller.java:432)
	at net.sf.jasperreports.engine.fill.JRVerticalFiller.fillPageHeader(JRVerticalFiller.java:393)
	at net.sf.jasperreports.engine.fill.JRVerticalFiller.fillReportStart(JRVerticalFiller.java:246)
	at net.sf.jasperreports.engine.fill.JRVerticalFiller.fillReport(JRVerticalFiller.java:99)
	at net.sf.jasperreports.engine.fill.JRBaseFiller.fill(JRBaseFiller.java:609)
	at net.sf.jasperreports.engine.fill.BaseReportFiller.fill(BaseReportFiller.java:405)
	at net.sf.jasperreports.engine.fill.JRFiller.fill(JRFiller.java:140)
	at net.sf.jasperreports.engine.JasperFillManager.fill(JasperFillManager.java:667)
	at net.sf.jasperreports.engine.JasperFillManager.fillReport(JasperFillManager.java:983)
	at com.nantic.jasperreports.JasperServer.privateExecute(JasperServer.java:225)
	at com.nantic.jasperreports.JasperServer.execute(JasperServer.java:134)
	at sun.reflect.NativeMethodAccessorImpl.invoke0(Native Method)
	at sun.reflect.NativeMethodAccessorImpl.invoke(NativeMethodAccessorImpl.java:62)
	at sun.reflect.DelegatingMethodAccessorImpl.invoke(DelegatingMethodAccessorImpl.java:43)
	at java.lang.reflect.Method.invoke(Method.java:498)
	at org.apache.xmlrpc.server.ReflectiveXmlRpcHandler.invoke(ReflectiveXmlRpcHandler.java:112)
	at org.apache.xmlrpc.server.ReflectiveXmlRpcHandler.execute(ReflectiveXmlRpcHandler.java:103)
	at org.apache.xmlrpc.server.XmlRpcServerWorker.execute(XmlRpcServerWorker.java:43)
	at org.apache.xmlrpc.server.XmlRpcServer.execute(XmlRpcServer.java:83)
	at org.apache.xmlrpc.server.XmlRpcStreamServer.execute(XmlRpcStreamServer.java:191)
	at org.apache.xmlrpc.webserver.Connection.run(Connection.java:205)
	at org.apache.xmlrpc.util.ThreadPool$Poolable$1.run(ThreadPool.java:68)
364464 [XML-RPC-0] ERROR org.apache.xmlrpc.server.XmlRpcStreamServer - execute: Error while performing request
org.apache.xmlrpc.common.XmlRpcInvocationException: Failed to invoke method execute in class com.nantic.jasperreports.JasperServer: Font "Times New Roman" is not available to the JVM. See the Javadoc for more details.
	at org.apache.xmlrpc.server.ReflectiveXmlRpcHandler.invoke(ReflectiveXmlRpcHandler.java:126)
	at org.apache.xmlrpc.server.ReflectiveXmlRpcHandler.execute(ReflectiveXmlRpcHandler.java:103)
	at org.apache.xmlrpc.server.XmlRpcServerWorker.execute(XmlRpcServerWorker.java:43)
	at org.apache.xmlrpc.server.XmlRpcServer.execute(XmlRpcServer.java:83)
	at org.apache.xmlrpc.server.XmlRpcStreamServer.execute(XmlRpcStreamServer.java:191)
	at org.apache.xmlrpc.webserver.Connection.run(Connection.java:205)
	at org.apache.xmlrpc.util.ThreadPool$Poolable$1.run(ThreadPool.java:68)
Caused by: net.sf.jasperreports.engine.util.JRFontNotFoundException: Font "Times New Roman" is not available to the JVM. See the Javadoc for more details.
	at net.sf.jasperreports.engine.fonts.FontUtil.checkAwtFont(FontUtil.java:604)
	at net.sf.jasperreports.engine.fill.SimpleTextLineWrapper.loadFont(SimpleTextLineWrapper.java:384)
	at net.sf.jasperreports.engine.fill.SimpleTextLineWrapper.getGeneralFontInfo(SimpleTextLineWrapper.java:354)
	at net.sf.jasperreports.engine.fill.SimpleTextLineWrapper.createFontInfo(SimpleTextLineWrapper.java:294)
	at net.sf.jasperreports.engine.fill.SimpleTextLineWrapper.start(SimpleTextLineWrapper.java:256)
	at net.sf.jasperreports.engine.fill.TextMeasurer.measure(TextMeasurer.java:543)
	at net.sf.jasperreports.engine.fill.JRFillTextElement.chopTextElement(JRFillTextElement.java:665)
	at net.sf.jasperreports.engine.fill.JRFillTextField.prepare(JRFillTextField.java:777)
	at net.sf.jasperreports.engine.fill.JRFillElementContainer.prepareElements(JRFillElementContainer.java:542)
	at net.sf.jasperreports.engine.fill.JRFillBand.fill(JRFillBand.java:438)
	at net.sf.jasperreports.engine.fill.JRFillBand.fill(JRFillBand.java:413)
	at net.sf.jasperreports.engine.fill.JRVerticalFiller.fillBandNoOverflow(JRVerticalFiller.java:432)
	at net.sf.jasperreports.engine.fill.JRVerticalFiller.fillPageHeader(JRVerticalFiller.java:393)
	at net.sf.jasperreports.engine.fill.JRVerticalFiller.fillReportStart(JRVerticalFiller.java:246)
	at net.sf.jasperreports.engine.fill.JRVerticalFiller.fillReport(JRVerticalFiller.java:99)
	at net.sf.jasperreports.engine.fill.JRBaseFiller.fill(JRBaseFiller.java:609)
	at net.sf.jasperreports.engine.fill.BaseReportFiller.fill(BaseReportFiller.java:405)
	at net.sf.jasperreports.engine.fill.JRFiller.fill(JRFiller.java:140)
	at net.sf.jasperreports.engine.JasperFillManager.fill(JasperFillManager.java:667)
	at net.sf.jasperreports.engine.JasperFillManager.fillReport(JasperFillManager.java:983)
	at com.nantic.jasperreports.JasperServer.privateExecute(JasperServer.java:225)
	at com.nantic.jasperreports.JasperServer.execute(JasperServer.java:134)
	at sun.reflect.NativeMethodAccessorImpl.invoke0(Native Method)
	at sun.reflect.NativeMethodAccessorImpl.invoke(NativeMethodAccessorImpl.java:62)
	at sun.reflect.DelegatingMethodAccessorImpl.invoke(DelegatingMethodAccessorImpl.java:43)
	at java.lang.reflect.Method.invoke(Method.java:498)
	at org.apache.xmlrpc.server.ReflectiveXmlRpcHandler.invoke(ReflectiveXmlRpcHandler.java:112)
	... 6 more
Caused by:
net.sf.jasperreports.engine.util.JRFontNotFoundException: Font "Times New Roman" is not available to the JVM. See the Javadoc for more details.
	at net.sf.jasperreports.engine.fonts.FontUtil.checkAwtFont(FontUtil.java:604)
	at net.sf.jasperreports.engine.fill.SimpleTextLineWrapper.loadFont(SimpleTextLineWrapper.java:384)
	at net.sf.jasperreports.engine.fill.SimpleTextLineWrapper.getGeneralFontInfo(SimpleTextLineWrapper.java:354)
	at net.sf.jasperreports.engine.fill.SimpleTextLineWrapper.createFontInfo(SimpleTextLineWrapper.java:294)
	at net.sf.jasperreports.engine.fill.SimpleTextLineWrapper.start(SimpleTextLineWrapper.java:256)
	at net.sf.jasperreports.engine.fill.TextMeasurer.measure(TextMeasurer.java:543)
	at net.sf.jasperreports.engine.fill.JRFillTextElement.chopTextElement(JRFillTextElement.java:665)
	at net.sf.jasperreports.engine.fill.JRFillTextField.prepare(JRFillTextField.java:777)
	at net.sf.jasperreports.engine.fill.JRFillElementContainer.prepareElements(JRFillElementContainer.java:542)
	at net.sf.jasperreports.engine.fill.JRFillBand.fill(JRFillBand.java:438)
	at net.sf.jasperreports.engine.fill.JRFillBand.fill(JRFillBand.java:413)
	at net.sf.jasperreports.engine.fill.JRVerticalFiller.fillBandNoOverflow(JRVerticalFiller.java:432)
	at net.sf.jasperreports.engine.fill.JRVerticalFiller.fillPageHeader(JRVerticalFiller.java:393)
	at net.sf.jasperreports.engine.fill.JRVerticalFiller.fillReportStart(JRVerticalFiller.java:246)
	at net.sf.jasperreports.engine.fill.JRVerticalFiller.fillReport(JRVerticalFiller.java:99)
	at net.sf.jasperreports.engine.fill.JRBaseFiller.fill(JRBaseFiller.java:609)
	at net.sf.jasperreports.engine.fill.BaseReportFiller.fill(BaseReportFiller.java:405)
	at net.sf.jasperreports.engine.fill.JRFiller.fill(JRFiller.java:140)
	at net.sf.jasperreports.engine.JasperFillManager.fill(JasperFillManager.java:667)
	at net.sf.jasperreports.engine.JasperFillManager.fillReport(JasperFillManager.java:983)
	at com.nantic.jasperreports.JasperServer.privateExecute(JasperServer.java:225)
	at com.nantic.jasperreports.JasperServer.execute(JasperServer.java:134)
	at sun.reflect.NativeMethodAccessorImpl.invoke0(Native Method)
	at sun.reflect.NativeMethodAccessorImpl.invoke(NativeMethodAccessorImpl.java:62)
	at sun.reflect.DelegatingMethodAccessorImpl.invoke(DelegatingMethodAccessorImpl.java:43)
	at java.lang.reflect.Method.invoke(Method.java:498)
	at org.apache.xmlrpc.server.ReflectiveXmlRpcHandler.invoke(ReflectiveXmlRpcHandler.java:112)
	at org.apache.xmlrpc.server.ReflectiveXmlRpcHandler.execute(ReflectiveXmlRpcHandler.java:103)
	at org.apache.xmlrpc.server.XmlRpcServerWorker.execute(XmlRpcServerWorker.java:43)
	at org.apache.xmlrpc.server.XmlRpcServer.execute(XmlRpcServer.java:83)
	at org.apache.xmlrpc.server.XmlRpcStreamServer.execute(XmlRpcStreamServer.java:191)
	at org.apache.xmlrpc.webserver.Connection.run(Connection.java:205)
	at org.apache.xmlrpc.util.ThreadPool$Poolable$1.run(ThreadPool.java:68)
374874 [XML-RPC-0] ERROR org.apache.xmlrpc.server.XmlRpcStreamServer - execute: Error while performing request
org.apache.xmlrpc.common.XmlRpcInvocationException: Failed to invoke method execute in class com.nantic.jasperreports.JasperServer: Font "Times New Roman" is not available to the JVM. See the Javadoc for more details.
	at org.apache.xmlrpc.server.ReflectiveXmlRpcHandler.invoke(ReflectiveXmlRpcHandler.java:126)
	at org.apache.xmlrpc.server.ReflectiveXmlRpcHandler.execute(ReflectiveXmlRpcHandler.java:103)
	at org.apache.xmlrpc.server.XmlRpcServerWorker.execute(XmlRpcServerWorker.java:43)
	at org.apache.xmlrpc.server.XmlRpcServer.execute(XmlRpcServer.java:83)
	at org.apache.xmlrpc.server.XmlRpcStreamServer.execute(XmlRpcStreamServer.java:191)
	at org.apache.xmlrpc.webserver.Connection.run(Connection.java:205)
	at org.apache.xmlrpc.util.ThreadPool$Poolable$1.run(ThreadPool.java:68)
Caused by: net.sf.jasperreports.engine.util.JRFontNotFoundException: Font "Times New Roman" is not available to the JVM. See the Javadoc for more details.
	at net.sf.jasperreports.engine.fonts.FontUtil.checkAwtFont(FontUtil.java:604)
	at net.sf.jasperreports.engine.fill.SimpleTextLineWrapper.loadFont(SimpleTextLineWrapper.java:384)
	at net.sf.jasperreports.engine.fill.SimpleTextLineWrapper.getGeneralFontInfo(SimpleTextLineWrapper.java:354)
	at net.sf.jasperreports.engine.fill.SimpleTextLineWrapper.createFontInfo(SimpleTextLineWrapper.java:294)
	at net.sf.jasperreports.engine.fill.SimpleTextLineWrapper.start(SimpleTextLineWrapper.java:256)
	at net.sf.jasperreports.engine.fill.TextMeasurer.measure(TextMeasurer.java:543)
	at net.sf.jasperreports.engine.fill.JRFillTextElement.chopTextElement(JRFillTextElement.java:665)
	at net.sf.jasperreports.engine.fill.JRFillTextField.prepare(JRFillTextField.java:777)
	at net.sf.jasperreports.engine.fill.JRFillElementContainer.prepareElements(JRFillElementContainer.java:542)
	at net.sf.jasperreports.engine.fill.JRFillBand.fill(JRFillBand.java:438)
	at net.sf.jasperreports.engine.fill.JRFillBand.fill(JRFillBand.java:413)
	at net.sf.jasperreports.engine.fill.JRVerticalFiller.fillBandNoOverflow(JRVerticalFiller.java:432)
	at net.sf.jasperreports.engine.fill.JRVerticalFiller.fillPageHeader(JRVerticalFiller.java:393)
	at net.sf.jasperreports.engine.fill.JRVerticalFiller.fillReportStart(JRVerticalFiller.java:246)
	at net.sf.jasperreports.engine.fill.JRVerticalFiller.fillReport(JRVerticalFiller.java:99)
	at net.sf.jasperreports.engine.fill.JRBaseFiller.fill(JRBaseFiller.java:609)
	at net.sf.jasperreports.engine.fill.BaseReportFiller.fill(BaseReportFiller.java:405)
	at net.sf.jasperreports.engine.fill.JRFiller.fill(JRFiller.java:140)
	at net.sf.jasperreports.engine.JasperFillManager.fill(JasperFillManager.java:667)
	at net.sf.jasperreports.engine.JasperFillManager.fillReport(JasperFillManager.java:983)
	at com.nantic.jasperreports.JasperServer.privateExecute(JasperServer.java:225)
	at com.nantic.jasperreports.JasperServer.execute(JasperServer.java:134)
	at sun.reflect.NativeMethodAccessorImpl.invoke0(Native Method)
	at sun.reflect.NativeMethodAccessorImpl.invoke(NativeMethodAccessorImpl.java:62)
	at sun.reflect.DelegatingMethodAccessorImpl.invoke(DelegatingMethodAccessorImpl.java:43)
	at java.lang.reflect.Method.invoke(Method.java:498)
	at org.apache.xmlrpc.server.ReflectiveXmlRpcHandler.invoke(ReflectiveXmlRpcHandler.java:112)
	... 6 more
Caused by:
net.sf.jasperreports.engine.util.JRFontNotFoundException: Font "Times New Roman" is not available to the JVM. See the Javadoc for more details.
	at net.sf.jasperreports.engine.fonts.FontUtil.checkAwtFont(FontUtil.java:604)
	at net.sf.jasperreports.engine.fill.SimpleTextLineWrapper.loadFont(SimpleTextLineWrapper.java:384)
	at net.sf.jasperreports.engine.fill.SimpleTextLineWrapper.getGeneralFontInfo(SimpleTextLineWrapper.java:354)
	at net.sf.jasperreports.engine.fill.SimpleTextLineWrapper.createFontInfo(SimpleTextLineWrapper.java:294)
	at net.sf.jasperreports.engine.fill.SimpleTextLineWrapper.start(SimpleTextLineWrapper.java:256)
	at net.sf.jasperreports.engine.fill.TextMeasurer.measure(TextMeasurer.java:543)
	at net.sf.jasperreports.engine.fill.JRFillTextElement.chopTextElement(JRFillTextElement.java:665)
	at net.sf.jasperreports.engine.fill.JRFillTextField.prepare(JRFillTextField.java:777)
	at net.sf.jasperreports.engine.fill.JRFillElementContainer.prepareElements(JRFillElementContainer.java:542)
	at net.sf.jasperreports.engine.fill.JRFillBand.fill(JRFillBand.java:438)
	at net.sf.jasperreports.engine.fill.JRFillBand.fill(JRFillBand.java:413)
	at net.sf.jasperreports.engine.fill.JRVerticalFiller.fillBandNoOverflow(JRVerticalFiller.java:432)
	at net.sf.jasperreports.engine.fill.JRVerticalFiller.fillPageHeader(JRVerticalFiller.java:393)
	at net.sf.jasperreports.engine.fill.JRVerticalFiller.fillReportStart(JRVerticalFiller.java:246)
	at net.sf.jasperreports.engine.fill.JRVerticalFiller.fillReport(JRVerticalFiller.java:99)
	at net.sf.jasperreports.engine.fill.JRBaseFiller.fill(JRBaseFiller.java:609)
	at net.sf.jasperreports.engine.fill.BaseReportFiller.fill(BaseReportFiller.java:405)
	at net.sf.jasperreports.engine.fill.JRFiller.fill(JRFiller.java:140)
	at net.sf.jasperreports.engine.JasperFillManager.fill(JasperFillManager.java:667)
	at net.sf.jasperreports.engine.JasperFillManager.fillReport(JasperFillManager.java:983)
	at com.nantic.jasperreports.JasperServer.privateExecute(JasperServer.java:225)
	at com.nantic.jasperreports.JasperServer.execute(JasperServer.java:134)
	at sun.reflect.NativeMethodAccessorImpl.invoke0(Native Method)
	at sun.reflect.NativeMethodAccessorImpl.invoke(NativeMethodAccessorImpl.java:62)
	at sun.reflect.DelegatingMethodAccessorImpl.invoke(DelegatingMethodAccessorImpl.java:43)
	at java.lang.reflect.Method.invoke(Method.java:498)
	at org.apache.xmlrpc.server.ReflectiveXmlRpcHandler.invoke(ReflectiveXmlRpcHandler.java:112)
	at org.apache.xmlrpc.server.ReflectiveXmlRpcHandler.execute(ReflectiveXmlRpcHandler.java:103)
	at org.apache.xmlrpc.server.XmlRpcServerWorker.execute(XmlRpcServerWorker.java:43)
	at org.apache.xmlrpc.server.XmlRpcServer.execute(XmlRpcServer.java:83)
	at org.apache.xmlrpc.server.XmlRpcStreamServer.execute(XmlRpcStreamServer.java:191)
	at org.apache.xmlrpc.webserver.Connection.run(Connection.java:205)
	at org.apache.xmlrpc.util.ThreadPool$Poolable$1.run(ThreadPool.java:68)
458319 [XML-RPC-0] ERROR org.apache.xmlrpc.server.XmlRpcStreamServer - execute: Error while performing request
org.apache.xmlrpc.common.XmlRpcInvocationException: Failed to invoke method execute in class com.nantic.jasperreports.JasperServer: Font "Times New Roman" is not available to the JVM. See the Javadoc for more details.
	at org.apache.xmlrpc.server.ReflectiveXmlRpcHandler.invoke(ReflectiveXmlRpcHandler.java:126)
	at org.apache.xmlrpc.server.ReflectiveXmlRpcHandler.execute(ReflectiveXmlRpcHandler.java:103)
	at org.apache.xmlrpc.server.XmlRpcServerWorker.execute(XmlRpcServerWorker.java:43)
	at org.apache.xmlrpc.server.XmlRpcServer.execute(XmlRpcServer.java:83)
	at org.apache.xmlrpc.server.XmlRpcStreamServer.execute(XmlRpcStreamServer.java:191)
	at org.apache.xmlrpc.webserver.Connection.run(Connection.java:205)
	at org.apache.xmlrpc.util.ThreadPool$Poolable$1.run(ThreadPool.java:68)
Caused by: net.sf.jasperreports.engine.util.JRFontNotFoundException: Font "Times New Roman" is not available to the JVM. See the Javadoc for more details.
	at net.sf.jasperreports.engine.fonts.FontUtil.checkAwtFont(FontUtil.java:604)
	at net.sf.jasperreports.engine.fill.SimpleTextLineWrapper.loadFont(SimpleTextLineWrapper.java:384)
	at net.sf.jasperreports.engine.fill.SimpleTextLineWrapper.getGeneralFontInfo(SimpleTextLineWrapper.java:354)
	at net.sf.jasperreports.engine.fill.SimpleTextLineWrapper.createFontInfo(SimpleTextLineWrapper.java:294)
	at net.sf.jasperreports.engine.fill.SimpleTextLineWrapper.start(SimpleTextLineWrapper.java:256)
	at net.sf.jasperreports.engine.fill.TextMeasurer.measure(TextMeasurer.java:543)
	at net.sf.jasperreports.engine.fill.JRFillTextElement.chopTextElement(JRFillTextElement.java:665)
	at net.sf.jasperreports.engine.fill.JRFillTextField.prepare(JRFillTextField.java:777)
	at net.sf.jasperreports.engine.fill.JRFillElementContainer.prepareElements(JRFillElementContainer.java:542)
	at net.sf.jasperreports.engine.fill.JRFillBand.fill(JRFillBand.java:438)
	at net.sf.jasperreports.engine.fill.JRFillBand.fill(JRFillBand.java:413)
	at net.sf.jasperreports.engine.fill.JRVerticalFiller.fillBandNoOverflow(JRVerticalFiller.java:432)
	at net.sf.jasperreports.engine.fill.JRVerticalFiller.fillPageHeader(JRVerticalFiller.java:393)
	at net.sf.jasperreports.engine.fill.JRVerticalFiller.fillReportStart(JRVerticalFiller.java:246)
	at net.sf.jasperreports.engine.fill.JRVerticalFiller.fillReport(JRVerticalFiller.java:99)
	at net.sf.jasperreports.engine.fill.JRBaseFiller.fill(JRBaseFiller.java:609)
	at net.sf.jasperreports.engine.fill.BaseReportFiller.fill(BaseReportFiller.java:405)
	at net.sf.jasperreports.engine.fill.JRFiller.fill(JRFiller.java:140)
	at net.sf.jasperreports.engine.JasperFillManager.fill(JasperFillManager.java:667)
	at net.sf.jasperreports.engine.JasperFillManager.fillReport(JasperFillManager.java:983)
	at com.nantic.jasperreports.JasperServer.privateExecute(JasperServer.java:225)
	at com.nantic.jasperreports.JasperServer.execute(JasperServer.java:134)
	at sun.reflect.NativeMethodAccessorImpl.invoke0(Native Method)
	at sun.reflect.NativeMethodAccessorImpl.invoke(NativeMethodAccessorImpl.java:62)
	at sun.reflect.DelegatingMethodAccessorImpl.invoke(DelegatingMethodAccessorImpl.java:43)
	at java.lang.reflect.Method.invoke(Method.java:498)
	at org.apache.xmlrpc.server.ReflectiveXmlRpcHandler.invoke(ReflectiveXmlRpcHandler.java:112)
	... 6 more
Caused by:
net.sf.jasperreports.engine.util.JRFontNotFoundException: Font "Times New Roman" is not available to the JVM. See the Javadoc for more details.
	at net.sf.jasperreports.engine.fonts.FontUtil.checkAwtFont(FontUtil.java:604)
	at net.sf.jasperreports.engine.fill.SimpleTextLineWrapper.loadFont(SimpleTextLineWrapper.java:384)
	at net.sf.jasperreports.engine.fill.SimpleTextLineWrapper.getGeneralFontInfo(SimpleTextLineWrapper.java:354)
	at net.sf.jasperreports.engine.fill.SimpleTextLineWrapper.createFontInfo(SimpleTextLineWrapper.java:294)
	at net.sf.jasperreports.engine.fill.SimpleTextLineWrapper.start(SimpleTextLineWrapper.java:256)
	at net.sf.jasperreports.engine.fill.TextMeasurer.measure(TextMeasurer.java:543)
	at net.sf.jasperreports.engine.fill.JRFillTextElement.chopTextElement(JRFillTextElement.java:665)
	at net.sf.jasperreports.engine.fill.JRFillTextField.prepare(JRFillTextField.java:777)
	at net.sf.jasperreports.engine.fill.JRFillElementContainer.prepareElements(JRFillElementContainer.java:542)
	at net.sf.jasperreports.engine.fill.JRFillBand.fill(JRFillBand.java:438)
	at net.sf.jasperreports.engine.fill.JRFillBand.fill(JRFillBand.java:413)
	at net.sf.jasperreports.engine.fill.JRVerticalFiller.fillBandNoOverflow(JRVerticalFiller.java:432)
	at net.sf.jasperreports.engine.fill.JRVerticalFiller.fillPageHeader(JRVerticalFiller.java:393)
	at net.sf.jasperreports.engine.fill.JRVerticalFiller.fillReportStart(JRVerticalFiller.java:246)
	at net.sf.jasperreports.engine.fill.JRVerticalFiller.fillReport(JRVerticalFiller.java:99)
	at net.sf.jasperreports.engine.fill.JRBaseFiller.fill(JRBaseFiller.java:609)
	at net.sf.jasperreports.engine.fill.BaseReportFiller.fill(BaseReportFiller.java:405)
	at net.sf.jasperreports.engine.fill.JRFiller.fill(JRFiller.java:140)
	at net.sf.jasperreports.engine.JasperFillManager.fill(JasperFillManager.java:667)
	at net.sf.jasperreports.engine.JasperFillManager.fillReport(JasperFillManager.java:983)
	at com.nantic.jasperreports.JasperServer.privateExecute(JasperServer.java:225)
	at com.nantic.jasperreports.JasperServer.execute(JasperServer.java:134)
	at sun.reflect.NativeMethodAccessorImpl.invoke0(Native Method)
	at sun.reflect.NativeMethodAccessorImpl.invoke(NativeMethodAccessorImpl.java:62)
	at sun.reflect.DelegatingMethodAccessorImpl.invoke(DelegatingMethodAccessorImpl.java:43)
	at java.lang.reflect.Method.invoke(Method.java:498)
	at org.apache.xmlrpc.server.ReflectiveXmlRpcHandler.invoke(ReflectiveXmlRpcHandler.java:112)
	at org.apache.xmlrpc.server.ReflectiveXmlRpcHandler.execute(ReflectiveXmlRpcHandler.java:103)
	at org.apache.xmlrpc.server.XmlRpcServerWorker.execute(XmlRpcServerWorker.java:43)
	at org.apache.xmlrpc.server.XmlRpcServer.execute(XmlRpcServer.java:83)
	at org.apache.xmlrpc.server.XmlRpcStreamServer.execute(XmlRpcStreamServer.java:191)
	at org.apache.xmlrpc.webserver.Connection.run(Connection.java:205)
	at org.apache.xmlrpc.util.ThreadPool$Poolable$1.run(ThreadPool.java:68)
1482071 [XML-RPC-0] ERROR org.apache.xmlrpc.server.XmlRpcStreamServer - execute: Error while performing request
org.apache.xmlrpc.common.XmlRpcInvocationException: Failed to invoke method execute in class com.nantic.jasperreports.JasperServer: Font "Times New Roman" is not available to the JVM. See the Javadoc for more details.
	at org.apache.xmlrpc.server.ReflectiveXmlRpcHandler.invoke(ReflectiveXmlRpcHandler.java:126)
	at org.apache.xmlrpc.server.ReflectiveXmlRpcHandler.execute(ReflectiveXmlRpcHandler.java:103)
	at org.apache.xmlrpc.server.XmlRpcServerWorker.execute(XmlRpcServerWorker.java:43)
	at org.apache.xmlrpc.server.XmlRpcServer.execute(XmlRpcServer.java:83)
	at org.apache.xmlrpc.server.XmlRpcStreamServer.execute(XmlRpcStreamServer.java:191)
	at org.apache.xmlrpc.webserver.Connection.run(Connection.java:205)
	at org.apache.xmlrpc.util.ThreadPool$Poolable$1.run(ThreadPool.java:68)
Caused by: net.sf.jasperreports.engine.util.JRFontNotFoundException: Font "Times New Roman" is not available to the JVM. See the Javadoc for more details.
	at net.sf.jasperreports.engine.fonts.FontUtil.checkAwtFont(FontUtil.java:604)
	at net.sf.jasperreports.engine.fill.SimpleTextLineWrapper.loadFont(SimpleTextLineWrapper.java:384)
	at net.sf.jasperreports.engine.fill.SimpleTextLineWrapper.getGeneralFontInfo(SimpleTextLineWrapper.java:354)
	at net.sf.jasperreports.engine.fill.SimpleTextLineWrapper.createFontInfo(SimpleTextLineWrapper.java:294)
	at net.sf.jasperreports.engine.fill.SimpleTextLineWrapper.start(SimpleTextLineWrapper.java:256)
	at net.sf.jasperreports.engine.fill.TextMeasurer.measure(TextMeasurer.java:543)
	at net.sf.jasperreports.engine.fill.JRFillTextElement.chopTextElement(JRFillTextElement.java:665)
	at net.sf.jasperreports.engine.fill.JRFillTextField.prepare(JRFillTextField.java:777)
	at net.sf.jasperreports.engine.fill.JRFillElementContainer.prepareElements(JRFillElementContainer.java:542)
	at net.sf.jasperreports.engine.fill.JRFillBand.fill(JRFillBand.java:438)
	at net.sf.jasperreports.engine.fill.JRFillBand.fill(JRFillBand.java:413)
	at net.sf.jasperreports.engine.fill.JRVerticalFiller.fillBandNoOverflow(JRVerticalFiller.java:432)
	at net.sf.jasperreports.engine.fill.JRVerticalFiller.fillPageHeader(JRVerticalFiller.java:393)
	at net.sf.jasperreports.engine.fill.JRVerticalFiller.fillReportStart(JRVerticalFiller.java:246)
	at net.sf.jasperreports.engine.fill.JRVerticalFiller.fillReport(JRVerticalFiller.java:99)
	at net.sf.jasperreports.engine.fill.JRBaseFiller.fill(JRBaseFiller.java:609)
	at net.sf.jasperreports.engine.fill.BaseReportFiller.fill(BaseReportFiller.java:405)
	at net.sf.jasperreports.engine.fill.JRFiller.fill(JRFiller.java:140)
	at net.sf.jasperreports.engine.JasperFillManager.fill(JasperFillManager.java:667)
	at net.sf.jasperreports.engine.JasperFillManager.fillReport(JasperFillManager.java:983)
	at com.nantic.jasperreports.JasperServer.privateExecute(JasperServer.java:225)
	at com.nantic.jasperreports.JasperServer.execute(JasperServer.java:134)
	at sun.reflect.NativeMethodAccessorImpl.invoke0(Native Method)
	at sun.reflect.NativeMethodAccessorImpl.invoke(NativeMethodAccessorImpl.java:62)
	at sun.reflect.DelegatingMethodAccessorImpl.invoke(DelegatingMethodAccessorImpl.java:43)
	at java.lang.reflect.Method.invoke(Method.java:498)
	at org.apache.xmlrpc.server.ReflectiveXmlRpcHandler.invoke(ReflectiveXmlRpcHandler.java:112)
	... 6 more
Caused by:
net.sf.jasperreports.engine.util.JRFontNotFoundException: Font "Times New Roman" is not available to the JVM. See the Javadoc for more details.
	at net.sf.jasperreports.engine.fonts.FontUtil.checkAwtFont(FontUtil.java:604)
	at net.sf.jasperreports.engine.fill.SimpleTextLineWrapper.loadFont(SimpleTextLineWrapper.java:384)
	at net.sf.jasperreports.engine.fill.SimpleTextLineWrapper.getGeneralFontInfo(SimpleTextLineWrapper.java:354)
	at net.sf.jasperreports.engine.fill.SimpleTextLineWrapper.createFontInfo(SimpleTextLineWrapper.java:294)
	at net.sf.jasperreports.engine.fill.SimpleTextLineWrapper.start(SimpleTextLineWrapper.java:256)
	at net.sf.jasperreports.engine.fill.TextMeasurer.measure(TextMeasurer.java:543)
	at net.sf.jasperreports.engine.fill.JRFillTextElement.chopTextElement(JRFillTextElement.java:665)
	at net.sf.jasperreports.engine.fill.JRFillTextField.prepare(JRFillTextField.java:777)
	at net.sf.jasperreports.engine.fill.JRFillElementContainer.prepareElements(JRFillElementContainer.java:542)
	at net.sf.jasperreports.engine.fill.JRFillBand.fill(JRFillBand.java:438)
	at net.sf.jasperreports.engine.fill.JRFillBand.fill(JRFillBand.java:413)
	at net.sf.jasperreports.engine.fill.JRVerticalFiller.fillBandNoOverflow(JRVerticalFiller.java:432)
	at net.sf.jasperreports.engine.fill.JRVerticalFiller.fillPageHeader(JRVerticalFiller.java:393)
	at net.sf.jasperreports.engine.fill.JRVerticalFiller.fillReportStart(JRVerticalFiller.java:246)
	at net.sf.jasperreports.engine.fill.JRVerticalFiller.fillReport(JRVerticalFiller.java:99)
	at net.sf.jasperreports.engine.fill.JRBaseFiller.fill(JRBaseFiller.java:609)
	at net.sf.jasperreports.engine.fill.BaseReportFiller.fill(BaseReportFiller.java:405)
	at net.sf.jasperreports.engine.fill.JRFiller.fill(JRFiller.java:140)
	at net.sf.jasperreports.engine.JasperFillManager.fill(JasperFillManager.java:667)
	at net.sf.jasperreports.engine.JasperFillManager.fillReport(JasperFillManager.java:983)
	at com.nantic.jasperreports.JasperServer.privateExecute(JasperServer.java:225)
	at com.nantic.jasperreports.JasperServer.execute(JasperServer.java:134)
	at sun.reflect.NativeMethodAccessorImpl.invoke0(Native Method)
	at sun.reflect.NativeMethodAccessorImpl.invoke(NativeMethodAccessorImpl.java:62)
	at sun.reflect.DelegatingMethodAccessorImpl.invoke(DelegatingMethodAccessorImpl.java:43)
	at java.lang.reflect.Method.invoke(Method.java:498)
	at org.apache.xmlrpc.server.ReflectiveXmlRpcHandler.invoke(ReflectiveXmlRpcHandler.java:112)
	at org.apache.xmlrpc.server.ReflectiveXmlRpcHandler.execute(ReflectiveXmlRpcHandler.java:103)
	at org.apache.xmlrpc.server.XmlRpcServerWorker.execute(XmlRpcServerWorker.java:43)
	at org.apache.xmlrpc.server.XmlRpcServer.execute(XmlRpcServer.java:83)
	at org.apache.xmlrpc.server.XmlRpcStreamServer.execute(XmlRpcStreamServer.java:191)
	at org.apache.xmlrpc.webserver.Connection.run(Connection.java:205)
	at org.apache.xmlrpc.util.ThreadPool$Poolable$1.run(ThreadPool.java:68)
1628473 [XML-RPC-0] ERROR org.apache.xmlrpc.server.XmlRpcStreamServer - execute: Error while performing request
org.apache.xmlrpc.common.XmlRpcInvocationException: Failed to invoke method execute in class com.nantic.jasperreports.JasperServer: Font "Times New Roman" is not available to the JVM. See the Javadoc for more details.
	at org.apache.xmlrpc.server.ReflectiveXmlRpcHandler.invoke(ReflectiveXmlRpcHandler.java:126)
	at org.apache.xmlrpc.server.ReflectiveXmlRpcHandler.execute(ReflectiveXmlRpcHandler.java:103)
	at org.apache.xmlrpc.server.XmlRpcServerWorker.execute(XmlRpcServerWorker.java:43)
	at org.apache.xmlrpc.server.XmlRpcServer.execute(XmlRpcServer.java:83)
	at org.apache.xmlrpc.server.XmlRpcStreamServer.execute(XmlRpcStreamServer.java:191)
	at org.apache.xmlrpc.webserver.Connection.run(Connection.java:205)
	at org.apache.xmlrpc.util.ThreadPool$Poolable$1.run(ThreadPool.java:68)
Caused by: net.sf.jasperreports.engine.util.JRFontNotFoundException: Font "Times New Roman" is not available to the JVM. See the Javadoc for more details.
	at net.sf.jasperreports.engine.fonts.FontUtil.checkAwtFont(FontUtil.java:604)
	at net.sf.jasperreports.engine.fill.SimpleTextLineWrapper.loadFont(SimpleTextLineWrapper.java:384)
	at net.sf.jasperreports.engine.fill.SimpleTextLineWrapper.getGeneralFontInfo(SimpleTextLineWrapper.java:354)
	at net.sf.jasperreports.engine.fill.SimpleTextLineWrapper.createFontInfo(SimpleTextLineWrapper.java:294)
	at net.sf.jasperreports.engine.fill.SimpleTextLineWrapper.start(SimpleTextLineWrapper.java:256)
	at net.sf.jasperreports.engine.fill.TextMeasurer.measure(TextMeasurer.java:543)
	at net.sf.jasperreports.engine.fill.JRFillTextElement.chopTextElement(JRFillTextElement.java:665)
	at net.sf.jasperreports.engine.fill.JRFillTextField.prepare(JRFillTextField.java:777)
	at net.sf.jasperreports.engine.fill.JRFillElementContainer.prepareElements(JRFillElementContainer.java:542)
	at net.sf.jasperreports.engine.fill.JRFillBand.fill(JRFillBand.java:438)
	at net.sf.jasperreports.engine.fill.JRFillBand.fill(JRFillBand.java:413)
	at net.sf.jasperreports.engine.fill.JRVerticalFiller.fillBandNoOverflow(JRVerticalFiller.java:432)
	at net.sf.jasperreports.engine.fill.JRVerticalFiller.fillPageHeader(JRVerticalFiller.java:393)
	at net.sf.jasperreports.engine.fill.JRVerticalFiller.fillReportStart(JRVerticalFiller.java:246)
	at net.sf.jasperreports.engine.fill.JRVerticalFiller.fillReport(JRVerticalFiller.java:99)
	at net.sf.jasperreports.engine.fill.JRBaseFiller.fill(JRBaseFiller.java:609)
	at net.sf.jasperreports.engine.fill.BaseReportFiller.fill(BaseReportFiller.java:405)
	at net.sf.jasperreports.engine.fill.JRFiller.fill(JRFiller.java:140)
	at net.sf.jasperreports.engine.JasperFillManager.fill(JasperFillManager.java:667)
	at net.sf.jasperreports.engine.JasperFillManager.fillReport(JasperFillManager.java:983)
	at com.nantic.jasperreports.JasperServer.privateExecute(JasperServer.java:225)
	at com.nantic.jasperreports.JasperServer.execute(JasperServer.java:134)
	at sun.reflect.NativeMethodAccessorImpl.invoke0(Native Method)
	at sun.reflect.NativeMethodAccessorImpl.invoke(NativeMethodAccessorImpl.java:62)
	at sun.reflect.DelegatingMethodAccessorImpl.invoke(DelegatingMethodAccessorImpl.java:43)
	at java.lang.reflect.Method.invoke(Method.java:498)
	at org.apache.xmlrpc.server.ReflectiveXmlRpcHandler.invoke(ReflectiveXmlRpcHandler.java:112)
	... 6 more
Caused by:
net.sf.jasperreports.engine.util.JRFontNotFoundException: Font "Times New Roman" is not available to the JVM. See the Javadoc for more details.
	at net.sf.jasperreports.engine.fonts.FontUtil.checkAwtFont(FontUtil.java:604)
	at net.sf.jasperreports.engine.fill.SimpleTextLineWrapper.loadFont(SimpleTextLineWrapper.java:384)
	at net.sf.jasperreports.engine.fill.SimpleTextLineWrapper.getGeneralFontInfo(SimpleTextLineWrapper.java:354)
	at net.sf.jasperreports.engine.fill.SimpleTextLineWrapper.createFontInfo(SimpleTextLineWrapper.java:294)
	at net.sf.jasperreports.engine.fill.SimpleTextLineWrapper.start(SimpleTextLineWrapper.java:256)
	at net.sf.jasperreports.engine.fill.TextMeasurer.measure(TextMeasurer.java:543)
	at net.sf.jasperreports.engine.fill.JRFillTextElement.chopTextElement(JRFillTextElement.java:665)
	at net.sf.jasperreports.engine.fill.JRFillTextField.prepare(JRFillTextField.java:777)
	at net.sf.jasperreports.engine.fill.JRFillElementContainer.prepareElements(JRFillElementContainer.java:542)
	at net.sf.jasperreports.engine.fill.JRFillBand.fill(JRFillBand.java:438)
	at net.sf.jasperreports.engine.fill.JRFillBand.fill(JRFillBand.java:413)
	at net.sf.jasperreports.engine.fill.JRVerticalFiller.fillBandNoOverflow(JRVerticalFiller.java:432)
	at net.sf.jasperreports.engine.fill.JRVerticalFiller.fillPageHeader(JRVerticalFiller.java:393)
	at net.sf.jasperreports.engine.fill.JRVerticalFiller.fillReportStart(JRVerticalFiller.java:246)
	at net.sf.jasperreports.engine.fill.JRVerticalFiller.fillReport(JRVerticalFiller.java:99)
	at net.sf.jasperreports.engine.fill.JRBaseFiller.fill(JRBaseFiller.java:609)
	at net.sf.jasperreports.engine.fill.BaseReportFiller.fill(BaseReportFiller.java:405)
	at net.sf.jasperreports.engine.fill.JRFiller.fill(JRFiller.java:140)
	at net.sf.jasperreports.engine.JasperFillManager.fill(JasperFillManager.java:667)
	at net.sf.jasperreports.engine.JasperFillManager.fillReport(JasperFillManager.java:983)
	at com.nantic.jasperreports.JasperServer.privateExecute(JasperServer.java:225)
	at com.nantic.jasperreports.JasperServer.execute(JasperServer.java:134)
	at sun.reflect.NativeMethodAccessorImpl.invoke0(Native Method)
	at sun.reflect.NativeMethodAccessorImpl.invoke(NativeMethodAccessorImpl.java:62)
	at sun.reflect.DelegatingMethodAccessorImpl.invoke(DelegatingMethodAccessorImpl.java:43)
	at java.lang.reflect.Method.invoke(Method.java:498)
	at org.apache.xmlrpc.server.ReflectiveXmlRpcHandler.invoke(ReflectiveXmlRpcHandler.java:112)
	at org.apache.xmlrpc.server.ReflectiveXmlRpcHandler.execute(ReflectiveXmlRpcHandler.java:103)
	at org.apache.xmlrpc.server.XmlRpcServerWorker.execute(XmlRpcServerWorker.java:43)
	at org.apache.xmlrpc.server.XmlRpcServer.execute(XmlRpcServer.java:83)
	at org.apache.xmlrpc.server.XmlRpcStreamServer.execute(XmlRpcStreamServer.java:191)
	at org.apache.xmlrpc.webserver.Connection.run(Connection.java:205)
	at org.apache.xmlrpc.util.ThreadPool$Poolable$1.run(ThreadPool.java:68)
1930666 [XML-RPC-0] ERROR org.apache.xmlrpc.server.XmlRpcStreamServer - execute: Error while performing request
org.apache.xmlrpc.common.XmlRpcInvocationException: Failed to invoke method execute in class com.nantic.jasperreports.JasperServer: Font "Times New Roman" is not available to the JVM. See the Javadoc for more details.
	at org.apache.xmlrpc.server.ReflectiveXmlRpcHandler.invoke(ReflectiveXmlRpcHandler.java:126)
	at org.apache.xmlrpc.server.ReflectiveXmlRpcHandler.execute(ReflectiveXmlRpcHandler.java:103)
	at org.apache.xmlrpc.server.XmlRpcServerWorker.execute(XmlRpcServerWorker.java:43)
	at org.apache.xmlrpc.server.XmlRpcServer.execute(XmlRpcServer.java:83)
	at org.apache.xmlrpc.server.XmlRpcStreamServer.execute(XmlRpcStreamServer.java:191)
	at org.apache.xmlrpc.webserver.Connection.run(Connection.java:205)
	at org.apache.xmlrpc.util.ThreadPool$Poolable$1.run(ThreadPool.java:68)
Caused by: net.sf.jasperreports.engine.util.JRFontNotFoundException: Font "Times New Roman" is not available to the JVM. See the Javadoc for more details.
	at net.sf.jasperreports.engine.fonts.FontUtil.checkAwtFont(FontUtil.java:604)
	at net.sf.jasperreports.engine.fill.SimpleTextLineWrapper.loadFont(SimpleTextLineWrapper.java:384)
	at net.sf.jasperreports.engine.fill.SimpleTextLineWrapper.getGeneralFontInfo(SimpleTextLineWrapper.java:354)
	at net.sf.jasperreports.engine.fill.SimpleTextLineWrapper.createFontInfo(SimpleTextLineWrapper.java:294)
	at net.sf.jasperreports.engine.fill.SimpleTextLineWrapper.start(SimpleTextLineWrapper.java:256)
	at net.sf.jasperreports.engine.fill.TextMeasurer.measure(TextMeasurer.java:543)
	at net.sf.jasperreports.engine.fill.JRFillTextElement.chopTextElement(JRFillTextElement.java:665)
	at net.sf.jasperreports.engine.fill.JRFillTextField.prepare(JRFillTextField.java:777)
	at net.sf.jasperreports.engine.fill.JRFillElementContainer.prepareElements(JRFillElementContainer.java:542)
	at net.sf.jasperreports.engine.fill.JRFillBand.fill(JRFillBand.java:438)
	at net.sf.jasperreports.engine.fill.JRFillBand.fill(JRFillBand.java:413)
	at net.sf.jasperreports.engine.fill.JRVerticalFiller.fillBandNoOverflow(JRVerticalFiller.java:432)
	at net.sf.jasperreports.engine.fill.JRVerticalFiller.fillPageHeader(JRVerticalFiller.java:393)
	at net.sf.jasperreports.engine.fill.JRVerticalFiller.fillReportStart(JRVerticalFiller.java:246)
	at net.sf.jasperreports.engine.fill.JRVerticalFiller.fillReport(JRVerticalFiller.java:99)
	at net.sf.jasperreports.engine.fill.JRBaseFiller.fill(JRBaseFiller.java:609)
	at net.sf.jasperreports.engine.fill.BaseReportFiller.fill(BaseReportFiller.java:405)
	at net.sf.jasperreports.engine.fill.JRFiller.fill(JRFiller.java:140)
	at net.sf.jasperreports.engine.JasperFillManager.fill(JasperFillManager.java:667)
	at net.sf.jasperreports.engine.JasperFillManager.fillReport(JasperFillManager.java:983)
	at com.nantic.jasperreports.JasperServer.privateExecute(JasperServer.java:225)
	at com.nantic.jasperreports.JasperServer.execute(JasperServer.java:134)
	at sun.reflect.NativeMethodAccessorImpl.invoke0(Native Method)
	at sun.reflect.NativeMethodAccessorImpl.invoke(NativeMethodAccessorImpl.java:62)
	at sun.reflect.DelegatingMethodAccessorImpl.invoke(DelegatingMethodAccessorImpl.java:43)
	at java.lang.reflect.Method.invoke(Method.java:498)
	at org.apache.xmlrpc.server.ReflectiveXmlRpcHandler.invoke(ReflectiveXmlRpcHandler.java:112)
	... 6 more
Caused by:
net.sf.jasperreports.engine.util.JRFontNotFoundException: Font "Times New Roman" is not available to the JVM. See the Javadoc for more details.
	at net.sf.jasperreports.engine.fonts.FontUtil.checkAwtFont(FontUtil.java:604)
	at net.sf.jasperreports.engine.fill.SimpleTextLineWrapper.loadFont(SimpleTextLineWrapper.java:384)
	at net.sf.jasperreports.engine.fill.SimpleTextLineWrapper.getGeneralFontInfo(SimpleTextLineWrapper.java:354)
	at net.sf.jasperreports.engine.fill.SimpleTextLineWrapper.createFontInfo(SimpleTextLineWrapper.java:294)
	at net.sf.jasperreports.engine.fill.SimpleTextLineWrapper.start(SimpleTextLineWrapper.java:256)
	at net.sf.jasperreports.engine.fill.TextMeasurer.measure(TextMeasurer.java:543)
	at net.sf.jasperreports.engine.fill.JRFillTextElement.chopTextElement(JRFillTextElement.java:665)
	at net.sf.jasperreports.engine.fill.JRFillTextField.prepare(JRFillTextField.java:777)
	at net.sf.jasperreports.engine.fill.JRFillElementContainer.prepareElements(JRFillElementContainer.java:542)
	at net.sf.jasperreports.engine.fill.JRFillBand.fill(JRFillBand.java:438)
	at net.sf.jasperreports.engine.fill.JRFillBand.fill(JRFillBand.java:413)
	at net.sf.jasperreports.engine.fill.JRVerticalFiller.fillBandNoOverflow(JRVerticalFiller.java:432)
	at net.sf.jasperreports.engine.fill.JRVerticalFiller.fillPageHeader(JRVerticalFiller.java:393)
	at net.sf.jasperreports.engine.fill.JRVerticalFiller.fillReportStart(JRVerticalFiller.java:246)
	at net.sf.jasperreports.engine.fill.JRVerticalFiller.fillReport(JRVerticalFiller.java:99)
	at net.sf.jasperreports.engine.fill.JRBaseFiller.fill(JRBaseFiller.java:609)
	at net.sf.jasperreports.engine.fill.BaseReportFiller.fill(BaseReportFiller.java:405)
	at net.sf.jasperreports.engine.fill.JRFiller.fill(JRFiller.java:140)
	at net.sf.jasperreports.engine.JasperFillManager.fill(JasperFillManager.java:667)
	at net.sf.jasperreports.engine.JasperFillManager.fillReport(JasperFillManager.java:983)
	at com.nantic.jasperreports.JasperServer.privateExecute(JasperServer.java:225)
	at com.nantic.jasperreports.JasperServer.execute(JasperServer.java:134)
	at sun.reflect.NativeMethodAccessorImpl.invoke0(Native Method)
	at sun.reflect.NativeMethodAccessorImpl.invoke(NativeMethodAccessorImpl.java:62)
	at sun.reflect.DelegatingMethodAccessorImpl.invoke(DelegatingMethodAccessorImpl.java:43)
	at java.lang.reflect.Method.invoke(Method.java:498)
	at org.apache.xmlrpc.server.ReflectiveXmlRpcHandler.invoke(ReflectiveXmlRpcHandler.java:112)
	at org.apache.xmlrpc.server.ReflectiveXmlRpcHandler.execute(ReflectiveXmlRpcHandler.java:103)
	at org.apache.xmlrpc.server.XmlRpcServerWorker.execute(XmlRpcServerWorker.java:43)
	at org.apache.xmlrpc.server.XmlRpcServer.execute(XmlRpcServer.java:83)
	at org.apache.xmlrpc.server.XmlRpcStreamServer.execute(XmlRpcStreamServer.java:191)
	at org.apache.xmlrpc.webserver.Connection.run(Connection.java:205)
	at org.apache.xmlrpc.util.ThreadPool$Poolable$1.run(ThreadPool.java:68)
1939529 [XML-RPC-0] ERROR org.apache.xmlrpc.server.XmlRpcStreamServer - execute: Error while performing request
org.apache.xmlrpc.common.XmlRpcInvocationException: Failed to invoke method execute in class com.nantic.jasperreports.JasperServer: Font "Times New Roman" is not available to the JVM. See the Javadoc for more details.
	at org.apache.xmlrpc.server.ReflectiveXmlRpcHandler.invoke(ReflectiveXmlRpcHandler.java:126)
	at org.apache.xmlrpc.server.ReflectiveXmlRpcHandler.execute(ReflectiveXmlRpcHandler.java:103)
	at org.apache.xmlrpc.server.XmlRpcServerWorker.execute(XmlRpcServerWorker.java:43)
	at org.apache.xmlrpc.server.XmlRpcServer.execute(XmlRpcServer.java:83)
	at org.apache.xmlrpc.server.XmlRpcStreamServer.execute(XmlRpcStreamServer.java:191)
	at org.apache.xmlrpc.webserver.Connection.run(Connection.java:205)
	at org.apache.xmlrpc.util.ThreadPool$Poolable$1.run(ThreadPool.java:68)
Caused by: net.sf.jasperreports.engine.util.JRFontNotFoundException: Font "Times New Roman" is not available to the JVM. See the Javadoc for more details.
	at net.sf.jasperreports.engine.fonts.FontUtil.checkAwtFont(FontUtil.java:604)
	at net.sf.jasperreports.engine.fill.SimpleTextLineWrapper.loadFont(SimpleTextLineWrapper.java:384)
	at net.sf.jasperreports.engine.fill.SimpleTextLineWrapper.getGeneralFontInfo(SimpleTextLineWrapper.java:354)
	at net.sf.jasperreports.engine.fill.SimpleTextLineWrapper.createFontInfo(SimpleTextLineWrapper.java:294)
	at net.sf.jasperreports.engine.fill.SimpleTextLineWrapper.start(SimpleTextLineWrapper.java:256)
	at net.sf.jasperreports.engine.fill.TextMeasurer.measure(TextMeasurer.java:543)
	at net.sf.jasperreports.engine.fill.JRFillTextElement.chopTextElement(JRFillTextElement.java:665)
	at net.sf.jasperreports.engine.fill.JRFillTextField.prepare(JRFillTextField.java:777)
	at net.sf.jasperreports.engine.fill.JRFillElementContainer.prepareElements(JRFillElementContainer.java:542)
	at net.sf.jasperreports.engine.fill.JRFillBand.fill(JRFillBand.java:438)
	at net.sf.jasperreports.engine.fill.JRFillBand.fill(JRFillBand.java:413)
	at net.sf.jasperreports.engine.fill.JRVerticalFiller.fillBandNoOverflow(JRVerticalFiller.java:432)
	at net.sf.jasperreports.engine.fill.JRVerticalFiller.fillPageHeader(JRVerticalFiller.java:393)
	at net.sf.jasperreports.engine.fill.JRVerticalFiller.fillReportStart(JRVerticalFiller.java:246)
	at net.sf.jasperreports.engine.fill.JRVerticalFiller.fillReport(JRVerticalFiller.java:99)
	at net.sf.jasperreports.engine.fill.JRBaseFiller.fill(JRBaseFiller.java:609)
	at net.sf.jasperreports.engine.fill.BaseReportFiller.fill(BaseReportFiller.java:405)
	at net.sf.jasperreports.engine.fill.JRFiller.fill(JRFiller.java:140)
	at net.sf.jasperreports.engine.JasperFillManager.fill(JasperFillManager.java:667)
	at net.sf.jasperreports.engine.JasperFillManager.fillReport(JasperFillManager.java:983)
	at com.nantic.jasperreports.JasperServer.privateExecute(JasperServer.java:225)
	at com.nantic.jasperreports.JasperServer.execute(JasperServer.java:134)
	at sun.reflect.NativeMethodAccessorImpl.invoke0(Native Method)
	at sun.reflect.NativeMethodAccessorImpl.invoke(NativeMethodAccessorImpl.java:62)
	at sun.reflect.DelegatingMethodAccessorImpl.invoke(DelegatingMethodAccessorImpl.java:43)
	at java.lang.reflect.Method.invoke(Method.java:498)
	at org.apache.xmlrpc.server.ReflectiveXmlRpcHandler.invoke(ReflectiveXmlRpcHandler.java:112)
	... 6 more
Caused by:
net.sf.jasperreports.engine.util.JRFontNotFoundException: Font "Times New Roman" is not available to the JVM. See the Javadoc for more details.
	at net.sf.jasperreports.engine.fonts.FontUtil.checkAwtFont(FontUtil.java:604)
	at net.sf.jasperreports.engine.fill.SimpleTextLineWrapper.loadFont(SimpleTextLineWrapper.java:384)
	at net.sf.jasperreports.engine.fill.SimpleTextLineWrapper.getGeneralFontInfo(SimpleTextLineWrapper.java:354)
	at net.sf.jasperreports.engine.fill.SimpleTextLineWrapper.createFontInfo(SimpleTextLineWrapper.java:294)
	at net.sf.jasperreports.engine.fill.SimpleTextLineWrapper.start(SimpleTextLineWrapper.java:256)
	at net.sf.jasperreports.engine.fill.TextMeasurer.measure(TextMeasurer.java:543)
	at net.sf.jasperreports.engine.fill.JRFillTextElement.chopTextElement(JRFillTextElement.java:665)
	at net.sf.jasperreports.engine.fill.JRFillTextField.prepare(JRFillTextField.java:777)
	at net.sf.jasperreports.engine.fill.JRFillElementContainer.prepareElements(JRFillElementContainer.java:542)
	at net.sf.jasperreports.engine.fill.JRFillBand.fill(JRFillBand.java:438)
	at net.sf.jasperreports.engine.fill.JRFillBand.fill(JRFillBand.java:413)
	at net.sf.jasperreports.engine.fill.JRVerticalFiller.fillBandNoOverflow(JRVerticalFiller.java:432)
	at net.sf.jasperreports.engine.fill.JRVerticalFiller.fillPageHeader(JRVerticalFiller.java:393)
	at net.sf.jasperreports.engine.fill.JRVerticalFiller.fillReportStart(JRVerticalFiller.java:246)
	at net.sf.jasperreports.engine.fill.JRVerticalFiller.fillReport(JRVerticalFiller.java:99)
	at net.sf.jasperreports.engine.fill.JRBaseFiller.fill(JRBaseFiller.java:609)
	at net.sf.jasperreports.engine.fill.BaseReportFiller.fill(BaseReportFiller.java:405)
	at net.sf.jasperreports.engine.fill.JRFiller.fill(JRFiller.java:140)
	at net.sf.jasperreports.engine.JasperFillManager.fill(JasperFillManager.java:667)
	at net.sf.jasperreports.engine.JasperFillManager.fillReport(JasperFillManager.java:983)
	at com.nantic.jasperreports.JasperServer.privateExecute(JasperServer.java:225)
	at com.nantic.jasperreports.JasperServer.execute(JasperServer.java:134)
	at sun.reflect.NativeMethodAccessorImpl.invoke0(Native Method)
	at sun.reflect.NativeMethodAccessorImpl.invoke(NativeMethodAccessorImpl.java:62)
	at sun.reflect.DelegatingMethodAccessorImpl.invoke(DelegatingMethodAccessorImpl.java:43)
	at java.lang.reflect.Method.invoke(Method.java:498)
	at org.apache.xmlrpc.server.ReflectiveXmlRpcHandler.invoke(ReflectiveXmlRpcHandler.java:112)
	at org.apache.xmlrpc.server.ReflectiveXmlRpcHandler.execute(ReflectiveXmlRpcHandler.java:103)
	at org.apache.xmlrpc.server.XmlRpcServerWorker.execute(XmlRpcServerWorker.java:43)
	at org.apache.xmlrpc.server.XmlRpcServer.execute(XmlRpcServer.java:83)
	at org.apache.xmlrpc.server.XmlRpcStreamServer.execute(XmlRpcStreamServer.java:191)
	at org.apache.xmlrpc.webserver.Connection.run(Connection.java:205)
	at org.apache.xmlrpc.util.ThreadPool$Poolable$1.run(ThreadPool.java:68)
2041944 [XML-RPC-0] ERROR org.apache.xmlrpc.server.XmlRpcStreamServer - execute: Error while performing request
org.apache.xmlrpc.common.XmlRpcInvocationException: Failed to invoke method execute in class com.nantic.jasperreports.JasperServer: Font "Times New Roman" is not available to the JVM. See the Javadoc for more details.
	at org.apache.xmlrpc.server.ReflectiveXmlRpcHandler.invoke(ReflectiveXmlRpcHandler.java:126)
	at org.apache.xmlrpc.server.ReflectiveXmlRpcHandler.execute(ReflectiveXmlRpcHandler.java:103)
	at org.apache.xmlrpc.server.XmlRpcServerWorker.execute(XmlRpcServerWorker.java:43)
	at org.apache.xmlrpc.server.XmlRpcServer.execute(XmlRpcServer.java:83)
	at org.apache.xmlrpc.server.XmlRpcStreamServer.execute(XmlRpcStreamServer.java:191)
	at org.apache.xmlrpc.webserver.Connection.run(Connection.java:205)
	at org.apache.xmlrpc.util.ThreadPool$Poolable$1.run(ThreadPool.java:68)
Caused by: net.sf.jasperreports.engine.util.JRFontNotFoundException: Font "Times New Roman" is not available to the JVM. See the Javadoc for more details.
	at net.sf.jasperreports.engine.fonts.FontUtil.checkAwtFont(FontUtil.java:604)
	at net.sf.jasperreports.engine.fill.SimpleTextLineWrapper.loadFont(SimpleTextLineWrapper.java:384)
	at net.sf.jasperreports.engine.fill.SimpleTextLineWrapper.getGeneralFontInfo(SimpleTextLineWrapper.java:354)
	at net.sf.jasperreports.engine.fill.SimpleTextLineWrapper.createFontInfo(SimpleTextLineWrapper.java:294)
	at net.sf.jasperreports.engine.fill.SimpleTextLineWrapper.start(SimpleTextLineWrapper.java:256)
	at net.sf.jasperreports.engine.fill.TextMeasurer.measure(TextMeasurer.java:543)
	at net.sf.jasperreports.engine.fill.JRFillTextElement.chopTextElement(JRFillTextElement.java:665)
	at net.sf.jasperreports.engine.fill.JRFillTextField.prepare(JRFillTextField.java:777)
	at net.sf.jasperreports.engine.fill.JRFillElementContainer.prepareElements(JRFillElementContainer.java:542)
	at net.sf.jasperreports.engine.fill.JRFillBand.fill(JRFillBand.java:438)
	at net.sf.jasperreports.engine.fill.JRFillBand.fill(JRFillBand.java:413)
	at net.sf.jasperreports.engine.fill.JRVerticalFiller.fillBandNoOverflow(JRVerticalFiller.java:432)
	at net.sf.jasperreports.engine.fill.JRVerticalFiller.fillPageHeader(JRVerticalFiller.java:393)
	at net.sf.jasperreports.engine.fill.JRVerticalFiller.fillReportStart(JRVerticalFiller.java:246)
	at net.sf.jasperreports.engine.fill.JRVerticalFiller.fillReport(JRVerticalFiller.java:99)
	at net.sf.jasperreports.engine.fill.JRBaseFiller.fill(JRBaseFiller.java:609)
	at net.sf.jasperreports.engine.fill.BaseReportFiller.fill(BaseReportFiller.java:405)
	at net.sf.jasperreports.engine.fill.JRFiller.fill(JRFiller.java:140)
	at net.sf.jasperreports.engine.JasperFillManager.fill(JasperFillManager.java:667)
	at net.sf.jasperreports.engine.JasperFillManager.fillReport(JasperFillManager.java:983)
	at com.nantic.jasperreports.JasperServer.privateExecute(JasperServer.java:225)
	at com.nantic.jasperreports.JasperServer.execute(JasperServer.java:134)
	at sun.reflect.NativeMethodAccessorImpl.invoke0(Native Method)
	at sun.reflect.NativeMethodAccessorImpl.invoke(NativeMethodAccessorImpl.java:62)
	at sun.reflect.DelegatingMethodAccessorImpl.invoke(DelegatingMethodAccessorImpl.java:43)
	at java.lang.reflect.Method.invoke(Method.java:498)
	at org.apache.xmlrpc.server.ReflectiveXmlRpcHandler.invoke(ReflectiveXmlRpcHandler.java:112)
	... 6 more
Caused by:
net.sf.jasperreports.engine.util.JRFontNotFoundException: Font "Times New Roman" is not available to the JVM. See the Javadoc for more details.
	at net.sf.jasperreports.engine.fonts.FontUtil.checkAwtFont(FontUtil.java:604)
	at net.sf.jasperreports.engine.fill.SimpleTextLineWrapper.loadFont(SimpleTextLineWrapper.java:384)
	at net.sf.jasperreports.engine.fill.SimpleTextLineWrapper.getGeneralFontInfo(SimpleTextLineWrapper.java:354)
	at net.sf.jasperreports.engine.fill.SimpleTextLineWrapper.createFontInfo(SimpleTextLineWrapper.java:294)
	at net.sf.jasperreports.engine.fill.SimpleTextLineWrapper.start(SimpleTextLineWrapper.java:256)
	at net.sf.jasperreports.engine.fill.TextMeasurer.measure(TextMeasurer.java:543)
	at net.sf.jasperreports.engine.fill.JRFillTextElement.chopTextElement(JRFillTextElement.java:665)
	at net.sf.jasperreports.engine.fill.JRFillTextField.prepare(JRFillTextField.java:777)
	at net.sf.jasperreports.engine.fill.JRFillElementContainer.prepareElements(JRFillElementContainer.java:542)
	at net.sf.jasperreports.engine.fill.JRFillBand.fill(JRFillBand.java:438)
	at net.sf.jasperreports.engine.fill.JRFillBand.fill(JRFillBand.java:413)
	at net.sf.jasperreports.engine.fill.JRVerticalFiller.fillBandNoOverflow(JRVerticalFiller.java:432)
	at net.sf.jasperreports.engine.fill.JRVerticalFiller.fillPageHeader(JRVerticalFiller.java:393)
	at net.sf.jasperreports.engine.fill.JRVerticalFiller.fillReportStart(JRVerticalFiller.java:246)
	at net.sf.jasperreports.engine.fill.JRVerticalFiller.fillReport(JRVerticalFiller.java:99)
	at net.sf.jasperreports.engine.fill.JRBaseFiller.fill(JRBaseFiller.java:609)
	at net.sf.jasperreports.engine.fill.BaseReportFiller.fill(BaseReportFiller.java:405)
	at net.sf.jasperreports.engine.fill.JRFiller.fill(JRFiller.java:140)
	at net.sf.jasperreports.engine.JasperFillManager.fill(JasperFillManager.java:667)
	at net.sf.jasperreports.engine.JasperFillManager.fillReport(JasperFillManager.java:983)
	at com.nantic.jasperreports.JasperServer.privateExecute(JasperServer.java:225)
	at com.nantic.jasperreports.JasperServer.execute(JasperServer.java:134)
	at sun.reflect.NativeMethodAccessorImpl.invoke0(Native Method)
	at sun.reflect.NativeMethodAccessorImpl.invoke(NativeMethodAccessorImpl.java:62)
	at sun.reflect.DelegatingMethodAccessorImpl.invoke(DelegatingMethodAccessorImpl.java:43)
	at java.lang.reflect.Method.invoke(Method.java:498)
	at org.apache.xmlrpc.server.ReflectiveXmlRpcHandler.invoke(ReflectiveXmlRpcHandler.java:112)
	at org.apache.xmlrpc.server.ReflectiveXmlRpcHandler.execute(ReflectiveXmlRpcHandler.java:103)
	at org.apache.xmlrpc.server.XmlRpcServerWorker.execute(XmlRpcServerWorker.java:43)
	at org.apache.xmlrpc.server.XmlRpcServer.execute(XmlRpcServer.java:83)
	at org.apache.xmlrpc.server.XmlRpcStreamServer.execute(XmlRpcStreamServer.java:191)
	at org.apache.xmlrpc.webserver.Connection.run(Connection.java:205)
	at org.apache.xmlrpc.util.ThreadPool$Poolable$1.run(ThreadPool.java:68)
2115280 [XML-RPC-0] ERROR org.apache.xmlrpc.server.XmlRpcStreamServer - execute: Error while performing request
org.apache.xmlrpc.common.XmlRpcInvocationException: Failed to invoke method execute in class com.nantic.jasperreports.JasperServer: Font "Times New Roman" is not available to the JVM. See the Javadoc for more details.
	at org.apache.xmlrpc.server.ReflectiveXmlRpcHandler.invoke(ReflectiveXmlRpcHandler.java:126)
	at org.apache.xmlrpc.server.ReflectiveXmlRpcHandler.execute(ReflectiveXmlRpcHandler.java:103)
	at org.apache.xmlrpc.server.XmlRpcServerWorker.execute(XmlRpcServerWorker.java:43)
	at org.apache.xmlrpc.server.XmlRpcServer.execute(XmlRpcServer.java:83)
	at org.apache.xmlrpc.server.XmlRpcStreamServer.execute(XmlRpcStreamServer.java:191)
	at org.apache.xmlrpc.webserver.Connection.run(Connection.java:205)
	at org.apache.xmlrpc.util.ThreadPool$Poolable$1.run(ThreadPool.java:68)
Caused by: net.sf.jasperreports.engine.util.JRFontNotFoundException: Font "Times New Roman" is not available to the JVM. See the Javadoc for more details.
	at net.sf.jasperreports.engine.fonts.FontUtil.checkAwtFont(FontUtil.java:604)
	at net.sf.jasperreports.engine.fill.SimpleTextLineWrapper.loadFont(SimpleTextLineWrapper.java:384)
	at net.sf.jasperreports.engine.fill.SimpleTextLineWrapper.getGeneralFontInfo(SimpleTextLineWrapper.java:354)
	at net.sf.jasperreports.engine.fill.SimpleTextLineWrapper.createFontInfo(SimpleTextLineWrapper.java:294)
	at net.sf.jasperreports.engine.fill.SimpleTextLineWrapper.start(SimpleTextLineWrapper.java:256)
	at net.sf.jasperreports.engine.fill.TextMeasurer.measure(TextMeasurer.java:543)
	at net.sf.jasperreports.engine.fill.JRFillTextElement.chopTextElement(JRFillTextElement.java:665)
	at net.sf.jasperreports.engine.fill.JRFillTextField.prepare(JRFillTextField.java:777)
	at net.sf.jasperreports.engine.fill.JRFillElementContainer.prepareElements(JRFillElementContainer.java:542)
	at net.sf.jasperreports.engine.fill.JRFillBand.fill(JRFillBand.java:438)
	at net.sf.jasperreports.engine.fill.JRFillBand.fill(JRFillBand.java:413)
	at net.sf.jasperreports.engine.fill.JRVerticalFiller.fillBandNoOverflow(JRVerticalFiller.java:432)
	at net.sf.jasperreports.engine.fill.JRVerticalFiller.fillPageHeader(JRVerticalFiller.java:393)
	at net.sf.jasperreports.engine.fill.JRVerticalFiller.fillReportStart(JRVerticalFiller.java:246)
	at net.sf.jasperreports.engine.fill.JRVerticalFiller.fillReport(JRVerticalFiller.java:99)
	at net.sf.jasperreports.engine.fill.JRBaseFiller.fill(JRBaseFiller.java:609)
	at net.sf.jasperreports.engine.fill.BaseReportFiller.fill(BaseReportFiller.java:405)
	at net.sf.jasperreports.engine.fill.JRFiller.fill(JRFiller.java:140)
	at net.sf.jasperreports.engine.JasperFillManager.fill(JasperFillManager.java:667)
	at net.sf.jasperreports.engine.JasperFillManager.fillReport(JasperFillManager.java:983)
	at com.nantic.jasperreports.JasperServer.privateExecute(JasperServer.java:225)
	at com.nantic.jasperreports.JasperServer.execute(JasperServer.java:134)
	at sun.reflect.NativeMethodAccessorImpl.invoke0(Native Method)
	at sun.reflect.NativeMethodAccessorImpl.invoke(NativeMethodAccessorImpl.java:62)
	at sun.reflect.DelegatingMethodAccessorImpl.invoke(DelegatingMethodAccessorImpl.java:43)
	at java.lang.reflect.Method.invoke(Method.java:498)
	at org.apache.xmlrpc.server.ReflectiveXmlRpcHandler.invoke(ReflectiveXmlRpcHandler.java:112)
	... 6 more
Caused by:
net.sf.jasperreports.engine.util.JRFontNotFoundException: Font "Times New Roman" is not available to the JVM. See the Javadoc for more details.
	at net.sf.jasperreports.engine.fonts.FontUtil.checkAwtFont(FontUtil.java:604)
	at net.sf.jasperreports.engine.fill.SimpleTextLineWrapper.loadFont(SimpleTextLineWrapper.java:384)
	at net.sf.jasperreports.engine.fill.SimpleTextLineWrapper.getGeneralFontInfo(SimpleTextLineWrapper.java:354)
	at net.sf.jasperreports.engine.fill.SimpleTextLineWrapper.createFontInfo(SimpleTextLineWrapper.java:294)
	at net.sf.jasperreports.engine.fill.SimpleTextLineWrapper.start(SimpleTextLineWrapper.java:256)
	at net.sf.jasperreports.engine.fill.TextMeasurer.measure(TextMeasurer.java:543)
	at net.sf.jasperreports.engine.fill.JRFillTextElement.chopTextElement(JRFillTextElement.java:665)
	at net.sf.jasperreports.engine.fill.JRFillTextField.prepare(JRFillTextField.java:777)
	at net.sf.jasperreports.engine.fill.JRFillElementContainer.prepareElements(JRFillElementContainer.java:542)
	at net.sf.jasperreports.engine.fill.JRFillBand.fill(JRFillBand.java:438)
	at net.sf.jasperreports.engine.fill.JRFillBand.fill(JRFillBand.java:413)
	at net.sf.jasperreports.engine.fill.JRVerticalFiller.fillBandNoOverflow(JRVerticalFiller.java:432)
	at net.sf.jasperreports.engine.fill.JRVerticalFiller.fillPageHeader(JRVerticalFiller.java:393)
	at net.sf.jasperreports.engine.fill.JRVerticalFiller.fillReportStart(JRVerticalFiller.java:246)
	at net.sf.jasperreports.engine.fill.JRVerticalFiller.fillReport(JRVerticalFiller.java:99)
	at net.sf.jasperreports.engine.fill.JRBaseFiller.fill(JRBaseFiller.java:609)
	at net.sf.jasperreports.engine.fill.BaseReportFiller.fill(BaseReportFiller.java:405)
	at net.sf.jasperreports.engine.fill.JRFiller.fill(JRFiller.java:140)
	at net.sf.jasperreports.engine.JasperFillManager.fill(JasperFillManager.java:667)
	at net.sf.jasperreports.engine.JasperFillManager.fillReport(JasperFillManager.java:983)
	at com.nantic.jasperreports.JasperServer.privateExecute(JasperServer.java:225)
	at com.nantic.jasperreports.JasperServer.execute(JasperServer.java:134)
	at sun.reflect.NativeMethodAccessorImpl.invoke0(Native Method)
	at sun.reflect.NativeMethodAccessorImpl.invoke(NativeMethodAccessorImpl.java:62)
	at sun.reflect.DelegatingMethodAccessorImpl.invoke(DelegatingMethodAccessorImpl.java:43)
	at java.lang.reflect.Method.invoke(Method.java:498)
	at org.apache.xmlrpc.server.ReflectiveXmlRpcHandler.invoke(ReflectiveXmlRpcHandler.java:112)
	at org.apache.xmlrpc.server.ReflectiveXmlRpcHandler.execute(ReflectiveXmlRpcHandler.java:103)
	at org.apache.xmlrpc.server.XmlRpcServerWorker.execute(XmlRpcServerWorker.java:43)
	at org.apache.xmlrpc.server.XmlRpcServer.execute(XmlRpcServer.java:83)
	at org.apache.xmlrpc.server.XmlRpcStreamServer.execute(XmlRpcStreamServer.java:191)
	at org.apache.xmlrpc.webserver.Connection.run(Connection.java:205)
	at org.apache.xmlrpc.util.ThreadPool$Poolable$1.run(ThreadPool.java:68)
14347334 [XML-RPC-0] ERROR org.apache.xmlrpc.server.XmlRpcStreamServer - execute: Error while performing request
org.apache.xmlrpc.common.XmlRpcInvocationException: Failed to invoke method execute in class com.nantic.jasperreports.JasperServer: java.lang.ClassNotFoundException: 
	at org.apache.xmlrpc.server.ReflectiveXmlRpcHandler.invoke(ReflectiveXmlRpcHandler.java:126)
	at org.apache.xmlrpc.server.ReflectiveXmlRpcHandler.execute(ReflectiveXmlRpcHandler.java:103)
	at org.apache.xmlrpc.server.XmlRpcServerWorker.execute(XmlRpcServerWorker.java:43)
	at org.apache.xmlrpc.server.XmlRpcServer.execute(XmlRpcServer.java:83)
	at org.apache.xmlrpc.server.XmlRpcStreamServer.execute(XmlRpcStreamServer.java:191)
	at org.apache.xmlrpc.webserver.Connection.run(Connection.java:205)
	at org.apache.xmlrpc.util.ThreadPool$Poolable$1.run(ThreadPool.java:68)
Caused by: net.sf.jasperreports.engine.JRRuntimeException: java.lang.ClassNotFoundException: 
	at net.sf.jasperreports.engine.base.JRBaseExpression.getValueClass(JRBaseExpression.java:172)
	at com.nantic.jasperreports.I18nGroovyCompiler.generateSourceCode(I18nGroovyCompiler.java:184)
	at net.sf.jasperreports.engine.design.JRAbstractCompiler.createCompileUnit(JRAbstractCompiler.java:289)
	at net.sf.jasperreports.engine.design.JRAbstractCompiler.compileReport(JRAbstractCompiler.java:179)
	at net.sf.jasperreports.engine.JasperCompileManager.compile(JasperCompileManager.java:357)
	at net.sf.jasperreports.engine.JasperCompileManager.compileToFile(JasperCompileManager.java:273)
	at net.sf.jasperreports.engine.JasperCompileManager.compileToFile(JasperCompileManager.java:255)
	at net.sf.jasperreports.engine.JasperCompileManager.compileReportToFile(JasperCompileManager.java:554)
	at com.nantic.jasperreports.JasperServer.compile(JasperServer.java:111)
	at com.nantic.jasperreports.JasperServer.privateExecute(JasperServer.java:150)
	at com.nantic.jasperreports.JasperServer.execute(JasperServer.java:134)
	at sun.reflect.GeneratedMethodAccessor29.invoke(Unknown Source)
	at sun.reflect.DelegatingMethodAccessorImpl.invoke(DelegatingMethodAccessorImpl.java:43)
	at java.lang.reflect.Method.invoke(Method.java:498)
	at org.apache.xmlrpc.server.ReflectiveXmlRpcHandler.invoke(ReflectiveXmlRpcHandler.java:112)
	... 6 more
Caused by: java.lang.ClassNotFoundException: 
	at java.lang.Class.forName0(Native Method)
	at java.lang.Class.forName(Class.java:348)
	at net.sf.jasperreports.engine.util.JRClassLoader.loadClassForRealName(JRClassLoader.java:174)
	at net.sf.jasperreports.engine.util.JRClassLoader.loadClassForName(JRClassLoader.java:114)
	at net.sf.jasperreports.engine.base.JRBaseExpression.getValueClass(JRBaseExpression.java:168)
	... 20 more
Caused by:
net.sf.jasperreports.engine.JRRuntimeException: java.lang.ClassNotFoundException: 
	at net.sf.jasperreports.engine.base.JRBaseExpression.getValueClass(JRBaseExpression.java:172)
	at com.nantic.jasperreports.I18nGroovyCompiler.generateSourceCode(I18nGroovyCompiler.java:184)
	at net.sf.jasperreports.engine.design.JRAbstractCompiler.createCompileUnit(JRAbstractCompiler.java:289)
	at net.sf.jasperreports.engine.design.JRAbstractCompiler.compileReport(JRAbstractCompiler.java:179)
	at net.sf.jasperreports.engine.JasperCompileManager.compile(JasperCompileManager.java:357)
	at net.sf.jasperreports.engine.JasperCompileManager.compileToFile(JasperCompileManager.java:273)
	at net.sf.jasperreports.engine.JasperCompileManager.compileToFile(JasperCompileManager.java:255)
	at net.sf.jasperreports.engine.JasperCompileManager.compileReportToFile(JasperCompileManager.java:554)
	at com.nantic.jasperreports.JasperServer.compile(JasperServer.java:111)
	at com.nantic.jasperreports.JasperServer.privateExecute(JasperServer.java:150)
	at com.nantic.jasperreports.JasperServer.execute(JasperServer.java:134)
	at sun.reflect.GeneratedMethodAccessor29.invoke(Unknown Source)
	at sun.reflect.DelegatingMethodAccessorImpl.invoke(DelegatingMethodAccessorImpl.java:43)
	at java.lang.reflect.Method.invoke(Method.java:498)
	at org.apache.xmlrpc.server.ReflectiveXmlRpcHandler.invoke(ReflectiveXmlRpcHandler.java:112)
	at org.apache.xmlrpc.server.ReflectiveXmlRpcHandler.execute(ReflectiveXmlRpcHandler.java:103)
	at org.apache.xmlrpc.server.XmlRpcServerWorker.execute(XmlRpcServerWorker.java:43)
	at org.apache.xmlrpc.server.XmlRpcServer.execute(XmlRpcServer.java:83)
	at org.apache.xmlrpc.server.XmlRpcStreamServer.execute(XmlRpcStreamServer.java:191)
	at org.apache.xmlrpc.webserver.Connection.run(Connection.java:205)
	at org.apache.xmlrpc.util.ThreadPool$Poolable$1.run(ThreadPool.java:68)
Caused by: java.lang.ClassNotFoundException: 
	at java.lang.Class.forName0(Native Method)
	at java.lang.Class.forName(Class.java:348)
	at net.sf.jasperreports.engine.util.JRClassLoader.loadClassForRealName(JRClassLoader.java:174)
	at net.sf.jasperreports.engine.util.JRClassLoader.loadClassForName(JRClassLoader.java:114)
	at net.sf.jasperreports.engine.base.JRBaseExpression.getValueClass(JRBaseExpression.java:168)
	... 20 more
